SF:lib\src\config\localization_config_entity.dart
DA:4,1
DA:10,0
DA:11,0
DA:12,0
DA:13,0
DA:14,0
LF:6
LH:1
end_of_record
SF:lib\src\config\theme_config_entity.dart
DA:5,4
DA:10,2
DA:18,1
DA:22,1
DA:23,0
DA:24,0
DA:28,4
DA:29,4
DA:30,2
DA:33,1
DA:34,1
DA:35,1
DA:36,3
DA:37,0
DA:39,1
DA:41,1
DA:45,1
DA:46,3
LF:18
LH:15
end_of_record
SF:lib\src\dev_tools\core_bloc_observer.dart
DA:8,0
DA:13,0
DA:15,0
DA:16,0
DA:17,0
DA:22,0
DA:24,0
DA:25,0
DA:26,0
DA:27,0
DA:28,0
DA:32,0
DA:37,0
DA:38,0
DA:39,0
DA:40,0
DA:41,0
DA:42,0
DA:46,0
DA:48,0
DA:49,0
DA:50,0
DA:56,0
DA:58,0
DA:59,0
DA:60,0
DA:64,0
DA:66,0
DA:67,0
DA:68,0
LF:30
LH:0
end_of_record
SF:lib\src\di\strata_state_di.dart
DA:14,1
DA:18,1
DA:19,1
DA:20,0
DA:24,0
DA:25,0
DA:26,0
DA:30,1
DA:31,0
DA:32,0
DA:33,0
DA:37,1
DA:38,0
DA:39,0
DA:40,0
LF:15
LH:5
end_of_record
SF:lib\src\localization\localization_cubit.dart
DA:7,2
DA:14,0
DA:15,0
DA:16,0
DA:18,1
DA:19,3
DA:20,2
DA:21,1
DA:24,1
DA:27,1
DA:28,1
DA:29,1
DA:30,1
DA:38,2
DA:40,2
DA:41,2
DA:42,2
LF:17
LH:14
end_of_record
SF:lib\src\network\network_status_cubit.dart
DA:8,2
DA:10,2
DA:11,2
DA:17,2
DA:18,9
DA:19,1
DA:23,2
DA:25,4
DA:26,4
DA:27,2
LF:10
LH:10
end_of_record
SF:lib\src\platform\platform_cubit.dart
DA:5,1
DA:21,1
DA:22,1
DA:25,1
DA:27,2
DA:28,1
DA:30,0
DA:31,0
DA:36,0
DA:37,0
DA:40,0
DA:41,3
DA:42,3
DA:43,3
DA:45,1
DA:46,3
DA:47,0
DA:49,1
DA:50,3
DA:51,3
DA:52,3
DA:54,4
DA:56,1
DA:59,1
DA:65,1
DA:67,1
LF:26
LH:20
end_of_record
SF:lib\src\theme\theme_cubit.dart
DA:7,2
DA:12,1
DA:13,3
DA:16,1
DA:17,3
DA:20,1
DA:23,1
DA:26,1
DA:32,2
DA:34,2
LF:10
LH:10
end_of_record
SF:lib\src\pagination\pagination_cache_adapter_interface.dart
DA:36,1
LF:1
LH:1
end_of_record
SF:lib\src\pagination\strata_pagination_bloc.dart
DA:34,1
DA:42,2
DA:43,1
DA:44,1
DA:45,1
DA:47,1
DA:48,1
DA:49,1
DA:51,1
DA:52,1
DA:53,1
DA:55,1
DA:56,1
DA:57,1
DA:59,2
DA:60,2
DA:61,2
DA:93,1
DA:94,1
DA:95,2
DA:100,1
DA:101,1
DA:102,2
DA:106,1
DA:107,0
DA:111,1
DA:114,1
DA:115,1
DA:116,0
DA:117,0
DA:121,1
DA:125,1
DA:126,2
DA:128,2
DA:129,2
DA:130,1
DA:132,2
DA:133,1
DA:134,1
DA:136,2
DA:138,1
DA:139,1
DA:140,1
DA:141,2
DA:142,1
DA:144,4
DA:145,0
DA:146,0
DA:147,0
DA:148,0
DA:149,0
DA:153,1
DA:154,1
DA:161,1
DA:167,1
DA:170,1
DA:176,0
DA:180,0
DA:181,0
DA:183,0
DA:184,0
DA:186,0
DA:187,0
DA:188,0
DA:190,0
DA:192,0
DA:195,0
DA:201,1
DA:205,1
DA:206,1
DA:207,0
DA:210,2
DA:211,2
DA:212,1
DA:213,1
DA:215,2
DA:216,2
DA:217,2
DA:221,2
DA:224,2
DA:225,1
DA:227,2
DA:228,1
DA:229,1
DA:231,1
DA:234,1
DA:240,1
DA:244,2
DA:245,2
DA:246,2
DA:247,2
DA:251,2
DA:252,2
DA:253,1
DA:254,1
DA:255,1
DA:256,1
DA:260,1
DA:261,1
DA:264,2
DA:265,2
DA:271,2
DA:272,1
DA:273,1
DA:275,1
DA:276,1
DA:278,2
DA:279,2
DA:280,2
DA:284,1
DA:287,1
DA:293,1
DA:300,2
DA:302,1
DA:304,1
DA:305,1
DA:307,1
DA:308,1
DA:310,2
DA:311,0
DA:312,0
DA:314,0
DA:320,0
DA:321,0
DA:323,0
DA:324,0
DA:325,0
DA:326,0
DA:327,0
DA:328,0
DA:333,1
DA:338,3
DA:339,2
DA:340,1
DA:344,3
DA:345,2
DA:346,1
DA:347,1
DA:348,1
DA:353,1
DA:354,1
DA:362,1
DA:363,2
DA:370,1
DA:371,4
DA:372,1
DA:373,2
DA:374,2
DA:375,1
DA:381,0
DA:385,0
DA:386,0
DA:387,0
DA:388,0
DA:389,0
DA:391,0
DA:392,0
DA:395,1
DA:399,2
DA:400,2
DA:401,6
DA:402,2
DA:404,0
DA:405,0
DA:406,0
DA:409,0
DA:413,0
DA:414,0
DA:415,0
DA:416,0
DA:419,0
DA:423,0
DA:424,0
DA:426,0
DA:427,0
DA:428,0
DA:434,0
DA:437,0
DA:440,3
DA:443,0
DA:446,1
DA:448,6
LF:182
LH:126
end_of_record
SF:lib\src\pagination\strata_pagination_event.dart
DA:14,1
DA:16,0
DA:17,0
DA:24,0
DA:39,1
DA:40,4
DA:47,0
DA:58,1
DA:59,3
DA:66,0
DA:73,1
DA:74,2
DA:81,0
DA:92,1
DA:93,3
DA:100,0
DA:111,1
DA:112,3
DA:119,1
DA:124,1
DA:125,2
DA:132,0
DA:137,1
DA:138,2
LF:24
LH:16
end_of_record
SF:lib\src\pagination\strata_pagination_state.dart
DA:25,1
DA:75,1
DA:76,1
DA:77,1
DA:78,1
DA:79,1
DA:80,1
DA:85,3
DA:88,1
DA:89,1
DA:90,1
DA:91,1
DA:92,1
DA:97,1
DA:98,1
DA:99,1
DA:100,1
DA:101,1
DA:106,1
DA:107,1
DA:108,1
DA:109,1
DA:110,1
DA:115,2
DA:118,2
DA:121,2
DA:124,2
DA:127,2
DA:130,1
DA:131,1
DA:132,1
DA:141,1
DA:143,1
DA:144,1
DA:151,1
DA:153,1
DA:154,1
DA:161,1
DA:180,1
DA:181,1
DA:182,1
DA:183,1
DA:184,1
DA:185,1
DA:193,1
DA:212,1
DA:213,1
DA:214,1
DA:215,1
DA:216,1
DA:217,1
DA:225,1
DA:244,1
DA:245,1
DA:246,1
DA:247,1
DA:248,1
DA:249,1
DA:257,1
DA:272,1
DA:273,4
DA:280,0
DA:307,0
DA:308,0
DA:309,0
DA:310,0
DA:311,0
DA:312,0
DA:313,0
DA:314,0
LF:70
LH:61
end_of_record
SF:lib\src\platform\platform_service_impl.dart
DA:9,0
DA:14,0
DA:17,0
DA:28,0
DA:29,0
DA:31,0
DA:32,0
DA:35,0
DA:36,0
DA:38,0
DA:39,0
DA:40,0
DA:41,0
DA:43,0
DA:44,0
DA:45,0
DA:47,0
DA:48,0
DA:49,0
DA:51,0
DA:52,0
DA:53,0
DA:55,0
DA:56,0
DA:57,0
DA:62,0
LF:26
LH:0
end_of_record
SF:lib\src\state_management\api_state_builder.dart
DA:8,1
DA:44,1
DA:46,1
DA:47,1
DA:48,1
DA:49,5
DA:50,1
DA:51,2
DA:54,1
DA:55,2
DA:56,1
DA:57,1
DA:58,1
DA:59,1
DA:61,3
DA:64,2
DA:65,2
DA:66,3
DA:67,2
DA:68,1
DA:69,1
DA:71,1
DA:72,2
DA:74,1
LF:24
LH:24
end_of_record
SF:lib\src\state_management\api_state_handler.dart
DA:12,2
DA:34,4
DA:37,2
DA:38,2
DA:39,6
DA:40,2
DA:49,2
DA:57,4
DA:58,4
DA:60,2
DA:61,1
DA:68,10
DA:71,2
DA:75,2
DA:77,4
DA:78,4
DA:80,2
DA:81,1
DA:82,2
DA:83,2
DA:85,1
DA:87,2
DA:98,1
DA:100,2
DA:101,4
DA:102,4
DA:104,2
DA:107,1
DA:112,4
DA:113,2
DA:118,1
DA:119,1
DA:120,2
DA:121,2
DA:122,3
DA:126,2
DA:128,2
LF:37
LH:37
end_of_record
SF:lib\src\state_management\api_state_host_mixin.dart
DA:12,1
DA:19,1
DA:20,1
DA:21,2
DA:22,2
DA:29,2
DA:33,1
DA:35,2
DA:36,1
DA:38,2
DA:39,1
LF:11
LH:11
end_of_record
SF:lib\src\value_selector\multi_selector_cubit.dart
DA:5,1
DA:12,1
DA:14,3
DA:15,1
DA:16,1
DA:17,1
DA:20,1
DA:22,2
DA:23,2
LF:9
LH:9
end_of_record
SF:lib\src\value_selector\value_selector_cubit.dart
DA:7,1
DA:21,4
DA:23,4
DA:25,0
DA:29,0
DA:30,0
DA:31,0
DA:33,0
DA:34,0
LF:9
LH:3
end_of_record
SF:lib\src\value_selector\value_selector_state.dart
DA:3,1
DA:5,1
DA:6,2
LF:3
LH:3
end_of_record
SF:lib\src\value_selector\single_selector_cubit.dart
DA:5,1
DA:12,1
DA:14,3
DA:15,1
DA:16,1
DA:17,1
DA:21,1
DA:22,1
DA:24,2
DA:25,2
LF:10
LH:10
end_of_record
SF:lib\src\widgets\localization_wrapper.dart
DA:9,1
DA:16,1
DA:18,1
DA:19,2
DA:20,1
DA:21,1
DA:22,1
DA:23,1
DA:24,1
LF:9
LH:9
end_of_record
SF:lib\src\widgets\network_status_wrapper.dart
DA:9,1
DA:17,1
DA:19,1
DA:20,2
DA:21,1
DA:22,1
DA:23,1
DA:24,0
DA:26,0
DA:27,0
DA:29,0
DA:30,0
DA:34,1
LF:13
LH:8
end_of_record
SF:lib\src\widgets\theme_wrapper.dart
DA:10,1
DA:17,1
DA:19,1
DA:20,2
DA:21,1
DA:22,1
DA:23,1
DA:24,0
DA:25,0
DA:26,0
DA:27,1
LF:11
LH:8
end_of_record
