SF:lib\src\di\strata_state_di.dart
DA:6,1
LF:1
LH:1
end_of_record
SF:lib\src\state_management\api_state_builder.dart
DA:8,1
DA:44,1
DA:46,1
DA:47,1
DA:48,1
DA:49,5
DA:50,1
DA:51,2
DA:54,1
DA:55,2
DA:56,1
DA:57,1
DA:58,1
DA:59,1
DA:61,3
DA:64,2
DA:65,2
DA:66,3
DA:67,2
DA:68,1
DA:69,1
DA:71,1
DA:72,2
DA:74,1
LF:24
LH:24
end_of_record
SF:lib\src\state_management\api_state_handler.dart
DA:12,2
DA:41,4
DA:44,2
DA:45,2
DA:46,6
DA:47,2
DA:56,2
DA:64,4
DA:65,4
DA:67,2
DA:68,1
DA:75,10
DA:78,2
DA:82,2
DA:84,4
DA:85,4
DA:87,2
DA:88,1
DA:89,2
DA:90,2
DA:92,1
DA:94,2
DA:105,1
DA:107,2
DA:108,4
DA:109,4
DA:111,2
DA:114,1
DA:119,4
DA:120,2
DA:125,1
DA:126,1
DA:127,2
DA:128,2
DA:129,3
DA:133,2
DA:135,2
LF:37
LH:37
end_of_record
SF:lib\src\state_management\api_state_host_mixin.dart
DA:12,1
DA:19,1
DA:20,1
DA:21,2
DA:22,2
DA:29,2
DA:33,1
DA:35,2
DA:36,1
DA:38,2
DA:39,1
LF:11
LH:11
end_of_record
