SF:D:\Projects\github\mobile\coore\strata_core\lib\src\dev_tools\core_logger_interface.dart
DA:21,1
DA:23,1
DA:26,1
DA:29,1
DA:32,1
DA:35,1
LF:6
LH:6
end_of_record
SF:D:\Projects\github\mobile\coore\strata_core\lib\src\error_handling\failures\business_failure.dart
DA:5,1
LF:1
LH:1
end_of_record
SF:D:\Projects\github\mobile\coore\strata_core\lib\src\error_handling\failures\failure.dart
DA:5,2
DA:17,1
DA:18,5
DA:20,1
LF:4
LH:4
end_of_record
SF:D:\Projects\github\mobile\coore\strata_core\lib\src\error_handling\failures\connection_failure.dart
DA:5,1
LF:1
LH:1
end_of_record
SF:D:\Projects\github\mobile\coore\strata_core\lib\src\error_handling\failures\server_failure.dart
DA:5,1
DA:20,1
DA:21,4
LF:3
LH:3
end_of_record
SF:D:\Projects\github\mobile\coore\strata_core\lib\src\error_handling\failures\storage_failure.dart
DA:5,2
LF:1
LH:1
end_of_record
SF:D:\Projects\github\mobile\coore\strata_core\lib\src\error_handling\failures\unauthorized_failure.dart
DA:5,1
LF:1
LH:1
end_of_record
SF:D:\Projects\github\mobile\coore\strata_core\lib\src\error_handling\failures\unknown_failure.dart
DA:5,2
LF:1
LH:1
end_of_record
SF:D:\Projects\github\mobile\coore\strata_core\lib\src\error_handling\failures\validation_failure.dart
DA:5,1
LF:1
LH:1
end_of_record
SF:D:\Projects\github\mobile\coore\strata_core\lib\src\state_management\api_state.dart
DA:7,1
DA:27,2
DA:28,2
DA:29,2
DA:30,2
DA:31,2
DA:33,1
DA:34,3
DA:35,1
DA:38,3
DA:40,1
DA:41,3
DA:42,1
DA:45,3
DA:47,1
DA:48,1
DA:53,1
DA:62,2
DA:63,2
DA:64,3
DA:65,3
DA:66,1
DA:71,1
DA:80,2
DA:81,3
DA:82,2
DA:83,1
DA:84,3
DA:85,1
DA:92,1
DA:94,1
DA:95,1
DA:100,1
DA:102,1
DA:103,1
DA:108,1
DA:112,1
DA:113,2
DA:118,1
DA:124,1
DA:125,3
LF:41
LH:41
end_of_record
