SF:lib\src\api_handler\api_handler_impl.dart
DA:23,1
DA:28,1
DA:33,1
DA:38,1
DA:40,2
DA:42,2
DA:44,1
DA:45,2
DA:49,1
DA:69,1
DA:74,1
DA:77,2
DA:79,1
DA:80,1
DA:81,2
DA:83,1
DA:84,2
DA:88,1
DA:89,2
DA:91,1
DA:92,1
DA:93,2
DA:99,1
DA:101,1
DA:102,1
DA:103,1
DA:121,1
DA:130,1
DA:131,3
DA:134,1
DA:139,3
DA:161,1
DA:172,1
DA:173,1
DA:174,2
DA:176,1
DA:178,1
DA:183,3
DA:186,3
DA:205,1
DA:213,1
DA:214,3
DA:217,1
DA:238,1
DA:249,1
DA:250,1
DA:251,1
DA:252,2
DA:256,1
DA:261,3
DA:264,3
DA:287,1
DA:298,1
DA:299,1
DA:300,1
DA:301,2
DA:305,1
DA:310,3
DA:313,3
DA:334,1
DA:344,1
DA:345,3
DA:349,1
DA:351,1
DA:353,3
LF:65
LH:65
end_of_record
SF:lib\src\api_handler\form_data_adapter.dart
DA:13,0
DA:21,0
DA:23,0
DA:25,0
DA:31,0
DA:33,0
DA:35,0
DA:37,0
DA:38,0
DA:40,0
DA:41,0
DA:43,0
DA:44,0
DA:48,0
LF:14
LH:0
end_of_record
SF:lib\src\dependency_injection\di_container.dart
DA:17,3
DA:19,0
DA:20,0
DA:21,0
DA:22,0
DA:23,0
DA:24,0
DA:25,0
DA:26,0
DA:27,0
DA:28,0
DA:31,0
DA:35,0
DA:36,0
DA:37,0
DA:39,0
DA:40,0
DA:41,0
DA:42,0
DA:45,0
DA:46,0
DA:47,0
DA:48,0
DA:50,0
DA:53,0
DA:54,0
DA:56,0
DA:57,0
DA:59,0
DA:60,0
DA:62,0
DA:63,0
DA:64,0
DA:66,0
DA:67,0
DA:68,0
DA:70,0
DA:71,0
DA:73,0
DA:74,0
DA:75,0
DA:76,0
DA:79,0
DA:80,0
DA:81,0
DA:82,0
DA:85,0
DA:86,0
DA:88,0
DA:92,0
DA:93,0
DA:95,0
DA:106,0
DA:111,0
DA:112,0
DA:113,0
DA:114,0
DA:115,0
DA:116,0
DA:117,0
DA:118,0
DA:119,0
DA:120,0
DA:121,0
DA:122,0
DA:123,0
DA:124,0
DA:129,0
DA:130,0
DA:134,0
DA:135,0
DA:137,0
DA:144,0
DA:146,0
DA:150,0
DA:151,0
DA:152,0
DA:154,0
DA:155,0
DA:156,0
DA:158,0
DA:160,0
DA:161,0
DA:165,0
LF:84
LH:1
end_of_record
SF:lib\src\error_handling\failures\network_failure.dart
DA:5,1
DA:11,0
DA:17,0
DA:23,0
DA:29,0
DA:35,0
DA:41,0
DA:47,0
DA:53,0
DA:61,0
DA:65,0
DA:71,0
DA:77,0
DA:83,0
DA:89,0
DA:95,0
DA:101,0
DA:107,0
DA:113,0
DA:119,0
DA:125,1
DA:131,1
DA:137,0
DA:143,0
DA:148,0
LF:25
LH:3
end_of_record
SF:lib\src\api_handler\auth_token_manager.dart
DA:4,0
DA:19,0
DA:20,0
DA:21,0
DA:22,0
DA:24,0
DA:27,0
DA:28,0
DA:29,0
DA:30,0
DA:35,0
DA:43,0
DA:44,0
DA:45,0
DA:46,0
DA:48,0
DA:51,0
DA:52,0
DA:53,0
DA:54,0
DA:59,0
DA:63,0
DA:64,0
DA:65,0
DA:67,0
DA:68,0
DA:70,0
DA:72,0
DA:74,0
DA:80,0
DA:81,0
DA:82,0
DA:84,0
DA:86,0
DA:87,0
LF:35
LH:0
end_of_record
SF:lib\src\api_handler\interceptors\auth_interceptor.dart
DA:16,0
DA:23,0
DA:29,0
DA:30,0
DA:32,0
DA:33,0
DA:34,0
DA:36,0
DA:37,0
DA:40,0
DA:43,0
DA:44,0
DA:52,0
DA:57,0
DA:58,0
DA:60,0
DA:64,0
DA:65,0
DA:66,0
DA:67,0
DA:68,0
DA:71,0
DA:74,0
DA:75,0
DA:76,0
DA:77,0
DA:81,0
DA:85,0
DA:91,0
DA:93,0
DA:96,0
DA:97,0
DA:99,0
DA:105,0
DA:107,0
DA:108,0
DA:109,0
DA:117,0
DA:121,0
DA:123,0
DA:124,0
DA:127,0
DA:132,0
DA:133,0
DA:135,0
DA:137,0
DA:144,0
DA:148,0
DA:149,0
DA:151,0
DA:152,0
DA:153,0
DA:154,0
DA:158,0
DA:159,0
DA:160,0
DA:163,0
DA:167,0
DA:168,0
DA:169,0
DA:188,0
DA:190,0
DA:193,0
DA:194,0
DA:196,0
DA:198,0
DA:200,0
DA:201,0
DA:204,0
DA:206,0
DA:207,0
DA:208,0
DA:209,0
DA:214,0
DA:224,0
DA:226,0
DA:231,0
DA:232,0
DA:235,0
DA:238,0
DA:239,0
DA:241,0
DA:243,0
DA:245,0
DA:247,0
DA:248,0
DA:253,0
LF:87
LH:0
end_of_record
SF:lib\src\api_handler\interceptors\logging_interceptor.dart
DA:7,0
DA:21,0
DA:23,0
DA:24,0
DA:25,0
DA:27,0
DA:30,0
DA:32,0
DA:33,0
DA:34,0
DA:36,0
DA:39,0
DA:41,0
DA:42,0
DA:43,0
DA:45,0
DA:48,0
DA:49,0
DA:50,0
DA:51,0
DA:54,0
DA:55,0
DA:56,0
DA:57,0
DA:62,0
DA:63,0
DA:64,0
DA:65,0
DA:70,0
DA:71,0
DA:72,0
DA:73,0
DA:75,0
DA:76,0
DA:80,0
DA:81,0
DA:84,0
DA:85,0
DA:86,0
DA:87,0
DA:90,0
DA:91,0
DA:92,0
DA:93,0
DA:98,0
DA:100,0
DA:101,0
DA:104,0
DA:105,0
DA:108,0
DA:109,0
DA:110,0
DA:111,0
DA:112,0
DA:114,0
DA:115,0
DA:116,0
DA:120,0
DA:121,0
DA:122,0
DA:123,0
DA:126,0
DA:127,0
DA:128,0
DA:129,0
DA:130,0
DA:131,0
DA:134,0
DA:135,0
DA:136,0
DA:137,0
DA:138,0
DA:139,0
DA:140,0
DA:146,0
DA:150,0
DA:152,0
DA:154,0
DA:157,0
DA:160,0
DA:161,0
LF:81
LH:0
end_of_record
SF:lib\src\dev_tools\core_logger.dart
DA:25,0
DA:28,0
DA:30,0
DA:31,0
DA:35,0
DA:37,0
DA:38,0
DA:42,0
DA:44,0
DA:45,0
DA:49,0
DA:51,0
DA:52,0
DA:56,0
DA:58,0
DA:59,0
LF:16
LH:0
end_of_record
SF:lib\src\api_handler\models\error_response_model.dart
DA:11,0
DA:12,0
DA:23,0
DA:24,0
DA:32,0
DA:33,0
LF:6
LH:0
end_of_record
SF:lib\src\api_handler\models\error_response_model.g.dart
DA:9,0
DA:10,0
DA:11,0
DA:14,0
DA:15,0
DA:17,0
DA:18,0
DA:19,0
DA:20,0
DA:21,0
DA:22,0
DA:25,0
DA:26,0
DA:27,0
DA:28,0
DA:29,0
DA:32,0
DA:33,0
DA:34,0
DA:37,0
DA:38,0
LF:21
LH:0
end_of_record
SF:lib\src\api_handler\models\pagination_response_model.dart
DA:13,0
DA:17,0
DA:20,0
DA:25,0
DA:26,0
DA:27,0
DA:29,0
LF:7
LH:0
end_of_record
SF:lib\src\api_handler\models\pagination_response_model.g.dart
DA:9,0
DA:14,0
DA:15,0
DA:16,0
DA:19,0
DA:23,0
DA:24,0
DA:25,0
DA:28,0
DA:31,0
DA:33,0
DA:36,0
LF:12
LH:0
end_of_record
SF:lib\src\api_handler\models\success_response_model.dart
DA:31,0
DA:34,0
DA:41,0
DA:49,0
DA:50,0
DA:52,0
DA:53,0
DA:57,0
DA:59,0
DA:61,0
DA:76,0
DA:79,0
DA:81,0
DA:101,0
DA:106,0
DA:108,0
DA:111,0
DA:129,0
DA:132,0
DA:137,0
DA:141,0
DA:142,0
DA:145,0
DA:146,0
DA:147,0
DA:149,0
DA:150,0
LF:27
LH:0
end_of_record
SF:lib\src\api_handler\models\success_response_model.g.dart
DA:9,0
DA:12,0
DA:14,0
DA:17,0
LF:4
LH:0
end_of_record
SF:lib\src\api_handler\params\id_param.dart
DA:14,0
DA:15,0
DA:17,0
LF:3
LH:0
end_of_record
SF:lib\src\api_handler\params\id_param.g.dart
DA:9,0
DA:10,0
DA:12,0
DA:13,0
LF:4
LH:0
end_of_record
SF:lib\src\api_handler\params\no_params.dart
DA:10,0
DA:11,0
LF:2
LH:0
end_of_record
SF:lib\src\api_handler\params\no_params.g.dart
DA:9,0
DA:11,0
DA:12,0
LF:3
LH:0
end_of_record
SF:lib\src\api_handler\params\pagination_params.dart
DA:18,0
DA:25,0
DA:26,0
DA:28,0
DA:29,0
DA:31,0
DA:32,0
DA:39,0
DA:44,0
DA:45,0
DA:47,0
DA:48,0
LF:12
LH:0
end_of_record
SF:lib\src\api_handler\params\pagination_params.g.dart
DA:9,0
DA:11,0
DA:12,0
DA:13,0
DA:16,0
DA:18,0
DA:20,0
DA:22,0
DA:23,0
DA:24,0
DA:27,0
DA:29,0
LF:12
LH:0
end_of_record
SF:lib\src\config\core_config.dart
DA:7,0
DA:10,0
DA:12,0
DA:13,0
DA:14,0
DA:24,0
DA:27,0
DA:28,0
DA:29,0
DA:30,0
DA:31,0
LF:11
LH:0
end_of_record
SF:lib\src\config\entities\core_config_after_project_setup_entity.dart
DA:5,0
DA:13,0
DA:14,0
LF:3
LH:0
end_of_record
SF:lib\src\config\entities\core_config_entity.dart
DA:8,0
DA:23,0
DA:24,0
DA:25,0
DA:26,0
DA:27,0
LF:6
LH:0
end_of_record
SF:lib\src\config\entities\localization_config_entity.dart
DA:6,0
DA:15,0
DA:16,0
DA:17,0
DA:18,0
DA:19,0
LF:6
LH:0
end_of_record
SF:lib\src\config\entities\network_config_entity.dart
DA:5,0
DA:81,0
DA:82,0
DA:83,0
DA:85,0
DA:86,0
DA:87,0
DA:89,0
DA:91,0
DA:92,0
DA:93,0
DA:94,0
DA:95,0
DA:96,0
DA:97,0
DA:99,0
DA:100,0
LF:17
LH:0
end_of_record
SF:lib\src\config\entities\theme_config_entity.dart
DA:5,0
DA:12,0
DA:14,0
DA:15,0
DA:26,0
DA:32,0
DA:33,0
DA:34,0
DA:35,0
DA:36,0
DA:40,0
DA:41,0
DA:42,0
DA:43,0
DA:44,0
DA:45,0
LF:16
LH:0
end_of_record
SF:lib\src\environment\environment_config.dart
DA:9,0
DA:10,0
DA:11,0
DA:12,0
DA:19,0
DA:24,0
DA:25,0
DA:28,0
DA:31,0
DA:32,0
DA:35,0
DA:38,0
DA:39,0
DA:40,0
DA:43,0
DA:44,0
DA:47,0
DA:53,0
DA:54,0
DA:57,0
DA:58,0
DA:61,0
DA:62,0
DA:65,0
DA:66,0
DA:70,0
DA:71,0
LF:27
LH:0
end_of_record
SF:lib\src\config\entities\navigation_config_entity.dart
DA:6,0
DA:23,0
DA:24,0
DA:25,0
DA:26,0
DA:28,0
DA:29,0
DA:30,0
LF:8
LH:0
end_of_record
SF:lib\src\config\service\config_service.dart
DA:6,0
DA:9,0
DA:10,0
DA:13,0
DA:14,0
DA:17,0
DA:20,0
DA:21,0
DA:24,0
DA:27,0
DA:28,0
DA:31,0
DA:32,0
DA:35,0
DA:36,0
DA:37,0
DA:38,0
DA:43,0
DA:44,0
LF:19
LH:0
end_of_record
SF:lib\src\constants\defaults.dart
DA:5,0
DA:13,0
LF:2
LH:0
end_of_record
SF:lib\src\dev_tools\core_bloc_observer.dart
DA:8,0
DA:13,0
DA:15,0
DA:16,0
DA:17,0
DA:19,0
DA:22,0
DA:24,0
DA:25,0
DA:26,0
DA:27,0
DA:28,0
DA:29,0
DA:32,0
DA:34,0
DA:35,0
DA:36,0
DA:37,0
DA:38,0
DA:39,0
DA:40,0
DA:43,0
DA:45,0
DA:46,0
DA:47,0
DA:50,0
DA:53,0
DA:55,0
DA:56,0
DA:57,0
DA:58,0
DA:61,0
DA:63,0
DA:64,0
DA:65,0
DA:66,0
LF:36
LH:0
end_of_record
SF:lib\src\error_handling\exception_mapper\dio_exception_mapper.dart
DA:71,0
DA:73,0
DA:74,0
DA:75,0
DA:79,0
DA:80,0
DA:81,0
DA:86,0
DA:87,0
DA:88,0
DA:89,0
DA:94,0
DA:95,0
DA:100,0
DA:101,0
DA:106,0
DA:107,0
DA:112,0
DA:113,0
DA:117,0
DA:118,0
DA:119,0
DA:120,0
DA:121,0
DA:122,0
DA:123,0
DA:124,0
DA:126,0
DA:127,0
DA:128,0
DA:130,0
DA:136,0
LF:32
LH:0
end_of_record
SF:lib\src\error_handling\failures\cache_failure.dart
DA:5,0
DA:10,0
DA:11,0
DA:16,0
DA:17,0
DA:22,0
DA:23,0
DA:28,0
DA:29,0
DA:34,0
DA:35,0
DA:40,0
DA:41,0
LF:13
LH:0
end_of_record
SF:lib\src\error_handling\failures\failure.dart
DA:4,1
DA:8,0
DA:9,0
DA:13,1
DA:14,1
LF:5
LH:3
end_of_record
SF:lib\src\extensions\context_extensions.dart
DA:4,0
DA:6,0
DA:8,0
DA:10,0
DA:12,0
DA:14,0
DA:16,0
DA:18,0
DA:20,0
DA:22,0
DA:24,0
DA:26,0
DA:28,0
DA:29,0
DA:31,0
DA:33,0
DA:35,0
DA:37,0
DA:39,0
DA:41,0
DA:43,0
DA:45,0
DA:47,0
DA:48,0
DA:51,0
DA:53,0
DA:55,0
LF:27
LH:0
end_of_record
SF:lib\src\extensions\datetime_extensions.dart
DA:4,0
DA:5,0
DA:6,0
DA:7,0
DA:8,0
DA:9,0
DA:10,0
DA:21,0
DA:30,0
DA:39,0
DA:48,0
DA:61,0
DA:62,0
DA:63,0
DA:64,0
DA:65,0
DA:67,0
DA:77,0
DA:86,0
DA:95,0
DA:96,0
DA:97,0
DA:98,0
DA:99,0
DA:103,0
DA:106,0
DA:115,0
DA:116,0
DA:117,0
DA:118,0
DA:128,0
DA:129,0
DA:130,0
DA:131,0
DA:144,0
DA:146,0
DA:147,0
DA:149,0
DA:150,0
DA:151,0
DA:152,0
DA:153,0
DA:166,0
DA:167,0
DA:168,0
DA:169,0
DA:170,0
DA:171,0
DA:172,0
DA:173,0
DA:183,0
DA:184,0
DA:185,0
DA:186,0
DA:196,0
DA:197,0
DA:198,0
DA:199,0
DA:209,0
DA:218,0
DA:227,0
DA:237,0
DA:238,0
DA:239,0
DA:241,0
DA:242,0
DA:243,0
DA:256,0
DA:257,0
DA:261,0
DA:262,0
DA:263,0
DA:267,0
DA:268,0
DA:269,0
DA:270,0
DA:271,0
DA:275,0
DA:276,0
DA:277,0
DA:278,0
DA:279,0
DA:283,0
DA:285,0
DA:286,0
DA:287,0
DA:291,0
DA:294,0
DA:297,0
DA:298,0
DA:299,0
DA:300,0
DA:301,0
DA:303,0
DA:306,0
DA:310,0
DA:313,0
DA:314,0
DA:317,0
DA:320,0
DA:321,0
DA:325,0
DA:327,0
DA:329,0
DA:330,0
DA:331,0
DA:334,0
DA:338,0
DA:339,0
DA:340,0
DA:341,0
DA:343,0
DA:345,0
DA:346,0
DA:347,0
DA:348,0
DA:352,0
DA:353,0
DA:354,0
DA:355,0
DA:356,0
DA:361,0
DA:362,0
DA:363,0
DA:364,0
DA:366,0
DA:367,0
DA:368,0
DA:369,0
DA:370,0
DA:371,0
DA:372,0
DA:373,0
DA:374,0
DA:375,0
DA:376,0
DA:378,0
DA:382,0
DA:383,0
DA:384,0
DA:385,0
DA:386,0
DA:387,0
DA:388,0
DA:389,0
DA:390,0
DA:394,0
DA:397,0
DA:400,0
DA:401,0
DA:402,0
DA:403,0
DA:404,0
DA:410,0
DA:411,0
DA:412,0
DA:413,0
DA:414,0
DA:420,0
DA:423,0
DA:424,0
DA:425,0
DA:426,0
DA:427,0
DA:435,0
DA:436,0
LF:166
LH:0
end_of_record
SF:lib\src\extensions\file_extensions.dart
DA:9,0
DA:12,0
DA:13,0
DA:16,0
DA:19,0
DA:22,0
DA:25,0
DA:28,0
DA:31,0
DA:33,0
DA:34,0
DA:35,0
DA:36,0
DA:37,0
DA:41,0
DA:44,0
DA:47,0
DA:50,0
DA:51,0
DA:54,0
DA:55,0
DA:56,0
DA:60,0
DA:63,0
DA:64,0
DA:65,0
DA:66,0
DA:68,0
DA:70,0
DA:72,0
DA:74,0
DA:76,0
DA:78,0
DA:80,0
DA:82,0
DA:84,0
DA:86,0
DA:88,0
DA:90,0
DA:92,0
DA:94,0
DA:102,0
DA:105,0
DA:106,0
DA:107,0
DA:108,0
DA:109,0
DA:110,0
DA:111,0
DA:112,0
DA:113,0
DA:114,0
DA:116,0
DA:117,0
DA:118,0
DA:119,0
DA:120,0
DA:121,0
DA:122,0
DA:123,0
LF:60
LH:0
end_of_record
SF:lib\src\extensions\int_extensions.dart
DA:5,0
DA:6,0
DA:7,0
DA:8,0
DA:9,0
DA:13,0
DA:16,0
DA:17,0
DA:18,0
DA:20,0
LF:10
LH:0
end_of_record
SF:lib\src\extensions\list_extensions.dart
DA:3,0
DA:4,0
DA:5,0
LF:3
LH:0
end_of_record
SF:lib\src\extensions\string_extensions.dart
DA:13,0
DA:14,0
DA:15,0
DA:16,0
DA:17,0
DA:18,0
DA:19,0
DA:20,0
DA:21,0
DA:22,0
DA:23,0
DA:24,0
DA:25,0
DA:26,0
DA:27,0
DA:30,0
DA:32,0
DA:37,0
DA:41,0
DA:42,0
DA:43,0
DA:44,0
DA:47,0
DA:49,0
DA:51,0
DA:53,0
DA:55,0
DA:57,0
DA:59,0
DA:60,0
DA:61,0
DA:62,0
DA:63,0
DA:64,0
DA:65,0
DA:66,0
DA:67,0
DA:70,0
DA:71,0
DA:72,0
DA:73,0
DA:74,0
DA:75,0
DA:76,0
DA:79,0
DA:80,0
DA:81,0
DA:82,0
DA:83,0
DA:84,0
DA:85,0
DA:88,0
DA:89,0
DA:90,0
DA:93,0
DA:94,0
DA:95,0
DA:98,0
DA:99,0
DA:100,0
DA:103,0
DA:105,0
DA:107,0
DA:109,0
DA:111,0
DA:113,0
DA:115,0
DA:116,0
DA:118,0
DA:120,0
DA:122,0
DA:124,0
DA:126,0
DA:127,0
DA:128,0
DA:130,0
DA:133,0
DA:135,0
DA:137,0
DA:138,0
DA:144,0
DA:146,0
DA:148,0
DA:150,0
DA:152,0
DA:154,0
DA:156,0
DA:158,0
DA:160,0
DA:162,0
DA:164,0
DA:166,0
DA:168,0
DA:169,0
DA:171,0
DA:172,0
DA:173,0
DA:174,0
DA:175,0
DA:176,0
DA:184,0
DA:186,0
DA:187,0
DA:189,0
DA:190,0
DA:191,0
DA:192,0
DA:196,0
DA:197,0
DA:200,0
DA:201,0
DA:202,0
DA:204,0
DA:205,0
DA:206,0
DA:208,0
DA:212,0
DA:213,0
DA:214,0
DA:215,0
DA:216,0
DA:220,0
DA:223,0
DA:224,0
DA:225,0
DA:226,0
DA:228,0
DA:229,0
DA:231,0
DA:233,0
DA:234,0
DA:238,0
DA:239,0
DA:241,0
DA:242,0
DA:243,0
DA:244,0
DA:245,0
DA:247,0
DA:250,0
DA:253,0
DA:257,0
DA:258,0
DA:259,0
DA:260,0
DA:261,0
DA:262,0
DA:263,0
DA:264,0
DA:265,0
DA:266,0
DA:267,0
DA:270,0
DA:271,0
DA:273,0
DA:274,0
DA:281,0
DA:282,0
DA:283,0
DA:284,0
DA:288,0
DA:292,0
DA:294,0
DA:295,0
DA:296,0
DA:298,0
LF:166
LH:0
end_of_record
SF:lib\src\local_storage\local_database\nosql_database_imp.dart
DA:9,0
DA:17,0
DA:19,0
DA:20,0
DA:21,0
DA:24,0
DA:26,0
DA:27,0
DA:28,0
DA:30,0
DA:34,0
DA:35,0
DA:36,0
DA:37,0
DA:39,0
DA:42,0
DA:45,0
DA:46,0
DA:48,0
DA:52,0
DA:55,0
DA:56,0
DA:57,0
DA:58,0
DA:61,0
DA:65,0
DA:68,0
DA:69,0
DA:71,0
DA:75,0
DA:78,0
DA:79,0
DA:80,0
DA:81,0
DA:84,0
LF:35
LH:0
end_of_record
SF:lib\src\local_storage\secure_database\secure_database_imp.dart
DA:6,0
DA:10,0
DA:13,0
DA:14,0
DA:16,0
DA:20,0
DA:23,0
DA:24,0
DA:26,0
DA:30,0
DA:33,0
DA:35,0
DA:39,0
DA:42,0
DA:43,0
DA:45,0
DA:49,0
DA:52,0
DA:53,0
DA:55,0
DA:59,0
DA:62,0
DA:63,0
DA:65,0
LF:24
LH:0
end_of_record
SF:lib\src\localization\cubit\localization_cubit.dart
DA:7,0
DA:8,0
DA:9,0
DA:14,0
DA:15,0
DA:18,0
DA:19,0
DA:20,0
DA:21,0
DA:22,0
DA:23,0
DA:24,0
DA:25,0
DA:26,0
DA:29,0
DA:30,0
DA:31,0
DA:33,0
DA:34,0
LF:19
LH:0
end_of_record
SF:lib\src\localization\widget\localization_wrapper.dart
DA:9,0
DA:17,0
DA:19,0
DA:20,0
DA:21,0
DA:22,0
DA:23,0
DA:24,0
DA:25,0
LF:9
LH:0
end_of_record
SF:lib\src\navigation\animations\animated_route.dart
DA:6,0
DA:12,0
DA:22,0
DA:27,0
DA:28,0
DA:29,0
DA:36,0
DA:41,0
DA:42,0
DA:45,0
DA:46,0
DA:47,0
DA:50,0
DA:57,0
DA:62,0
DA:63,0
DA:66,0
DA:67,0
DA:68,0
DA:71,0
DA:78,0
DA:83,0
DA:84,0
DA:87,0
DA:88,0
DA:89,0
DA:92,0
DA:99,0
DA:104,0
DA:105,0
DA:108,0
DA:109,0
DA:110,0
DA:113,0
DA:120,0
DA:125,0
DA:126,0
DA:129,0
DA:130,0
DA:131,0
DA:134,0
DA:141,0
DA:146,0
DA:147,0
DA:150,0
DA:151,0
DA:152,0
DA:155,0
DA:162,0
DA:167,0
DA:168,0
DA:171,0
DA:172,0
DA:173,0
DA:176,0
DA:177,0
DA:178,0
DA:179,0
DA:189,0
DA:194,0
DA:195,0
DA:198,0
DA:199,0
DA:200,0
DA:203,0
DA:204,0
DA:205,0
DA:206,0
DA:216,0
DA:221,0
DA:222,0
DA:223,0
DA:225,0
DA:227,0
DA:229,0
DA:230,0
DA:231,0
DA:243,0
DA:248,0
DA:249,0
DA:250,0
DA:252,0
DA:254,0
DA:256,0
DA:257,0
DA:258,0
DA:270,0
DA:275,0
DA:276,0
DA:277,0
DA:278,0
DA:287,0
DA:292,0
DA:293,0
DA:294,0
DA:296,0
DA:297,0
DA:298,0
DA:308,0
DA:313,0
DA:314,0
DA:315,0
DA:317,0
DA:318,0
DA:319,0
DA:321,0
DA:331,0
DA:336,0
DA:337,0
DA:338,0
DA:339,0
DA:340,0
DA:341,0
DA:342,0
LF:114
LH:0
end_of_record
SF:lib\src\navigation\core_navigator.dart
DA:9,0
DA:14,0
DA:16,0
DA:24,0
DA:28,0
DA:30,0
DA:32,0
DA:34,0
DA:40,0
DA:42,0
DA:43,0
DA:46,0
DA:50,0
DA:51,0
DA:52,0
DA:57,0
DA:58,0
DA:60,0
DA:61,0
DA:68,0
DA:74,0
DA:75,0
DA:77,0
DA:78,0
DA:80,0
DA:82,0
DA:87,0
DA:93,0
DA:94,0
DA:95,0
DA:97,0
DA:102,0
DA:108,0
DA:110,0
DA:111,0
DA:112,0
DA:115,0
DA:124,0
DA:130,0
DA:131,0
DA:132,0
DA:134,0
DA:142,0
DA:144,0
DA:145,0
DA:147,0
DA:149,0
DA:158,0
DA:159,0
DA:160,0
DA:161,0
DA:163,0
DA:164,0
DA:168,0
DA:169,0
DA:170,0
DA:171,0
DA:172,0
DA:173,0
DA:175,0
DA:176,0
DA:177,0
DA:178,0
DA:179,0
DA:184,0
DA:185,0
DA:186,0
DA:187,0
DA:193,0
DA:196,0
DA:198,0
DA:199,0
DA:204,0
DA:209,0
DA:210,0
DA:212,0
DA:213,0
LF:77
LH:0
end_of_record
SF:lib\src\navigation\screen_params\base_screen_params.dart
DA:7,0
DA:9,0
DA:11,0
DA:13,0
DA:15,0
DA:16,0
LF:6
LH:0
end_of_record
SF:lib\src\navigation\screen_params\no_screen_params.dart
DA:4,0
LF:1
LH:0
end_of_record
SF:lib\src\network_status\cubit\network_status_cubit.dart
DA:15,0
DA:17,0
DA:18,0
DA:25,0
DA:27,0
DA:28,0
DA:32,0
DA:34,0
DA:35,0
DA:36,0
LF:10
LH:0
end_of_record
SF:lib\src\network_status\service\network_status_imp.dart
DA:7,0
DA:8,0
DA:15,0
DA:16,0
DA:18,0
DA:20,0
DA:21,0
DA:24,0
DA:26,0
DA:28,0
DA:29,0
DA:30,0
DA:32,0
DA:33,0
DA:36,0
DA:37,0
DA:40,0
DA:41,0
LF:18
LH:0
end_of_record
SF:lib\src\network_status\widget\network_status_wrapper.dart
DA:12,0
DA:25,0
DA:27,0
DA:28,0
DA:29,0
DA:30,0
DA:31,0
DA:32,0
DA:33,0
DA:35,0
DA:37,0
DA:39,0
DA:41,0
DA:45,0
LF:14
LH:0
end_of_record
SF:lib\src\platform\cubit\platform_cubit.dart
DA:9,0
DA:10,0
DA:24,0
DA:25,0
DA:29,0
DA:31,0
DA:32,0
DA:35,0
DA:40,0
DA:41,0
DA:45,0
DA:48,0
DA:51,0
DA:54,0
DA:57,0
DA:58,0
DA:59,0
DA:62,0
DA:63,0
DA:64,0
DA:65,0
DA:68,0
LF:22
LH:0
end_of_record
SF:lib\src\platform\entities\device_info_entity.dart
DA:24,0
DA:25,0
LF:2
LH:0
end_of_record
SF:lib\src\platform\entities\device_info_entity.g.dart
DA:9,0
DA:10,0
DA:11,0
DA:12,0
DA:13,0
DA:14,0
DA:17,0
DA:18,0
DA:19,0
DA:20,0
DA:21,0
DA:22,0
LF:12
LH:0
end_of_record
SF:lib\src\platform\enums\platform_enum.dart
DA:16,0
DA:17,0
DA:18,0
DA:19,0
DA:20,0
DA:21,0
DA:27,0
DA:28,0
DA:29,0
DA:31,0
DA:33,0
DA:35,0
DA:37,0
DA:39,0
DA:47,0
DA:49,0
DA:51,0
DA:53,0
DA:55,0
DA:57,0
DA:59,0
DA:61,0
LF:22
LH:0
end_of_record
SF:lib\src\platform\service\platform_service_impl.dart
DA:14,0
DA:15,0
DA:18,0
DA:31,0
DA:32,0
DA:35,0
DA:36,0
DA:39,0
DA:41,0
DA:44,0
DA:45,0
DA:46,0
DA:47,0
DA:49,0
DA:50,0
DA:52,0
DA:54,0
DA:55,0
DA:56,0
DA:58,0
DA:59,0
DA:60,0
DA:62,0
DA:63,0
DA:64,0
DA:69,0
LF:26
LH:0
end_of_record
SF:lib\src\state_management\api_state.dart
DA:10,1
DA:22,0
DA:23,0
DA:24,0
DA:25,0
DA:26,0
DA:27,0
DA:28,0
DA:30,0
DA:31,0
DA:32,0
LF:11
LH:1
end_of_record
SF:lib\src\state_management\api_state_builder.dart
DA:16,0
DA:37,0
DA:39,0
DA:40,0
DA:41,0
DA:42,0
DA:44,0
DA:45,0
DA:46,0
DA:48,0
DA:51,0
DA:53,0
DA:54,0
DA:57,0
DA:58,0
DA:59,0
DA:60,0
DA:61,0
DA:62,0
DA:63,0
DA:73,0
DA:80,0
DA:82,0
LF:23
LH:0
end_of_record
SF:lib\src\state_management\api_state_mixin.dart
DA:33,0
DA:73,0
DA:81,0
DA:84,0
DA:94,0
DA:99,0
DA:100,0
DA:101,0
DA:103,0
DA:104,0
DA:105,0
DA:106,0
DA:108,0
DA:118,0
DA:120,0
DA:122,0
DA:124,0
LF:17
LH:0
end_of_record
SF:lib\src\state_management\core_bloc.dart
DA:15,0
DA:17,0
DA:19,0
DA:20,0
LF:4
LH:0
end_of_record
SF:lib\src\state_management\core_cubit.dart
DA:15,0
DA:17,0
DA:19,0
DA:20,0
LF:4
LH:0
end_of_record
SF:lib\src\theme\cubit\theme_cubit.dart
DA:9,0
DA:14,0
DA:15,0
DA:19,0
DA:20,0
DA:22,0
DA:25,0
DA:26,0
DA:27,0
LF:9
LH:0
end_of_record
SF:lib\src\theme\font_weight_manager.dart
DA:4,0
LF:1
LH:0
end_of_record
SF:lib\src\theme\widget\theme_wrapper.dart
DA:10,0
DA:16,0
DA:18,0
DA:19,0
DA:20,0
DA:21,0
DA:22,0
DA:23,0
DA:24,0
DA:25,0
DA:26,0
LF:11
LH:0
end_of_record
SF:lib\src\ui\constants\padding_manager.dart
DA:20,0
DA:21,0
LF:2
LH:0
end_of_record
SF:lib\src\ui\forms\widget\core_pin_code_field.dart
DA:15,0
DA:272,0
DA:273,0
DA:280,0
DA:282,0
DA:283,0
DA:284,0
DA:285,0
DA:288,0
DA:290,0
DA:291,0
DA:293,0
DA:294,0
DA:296,0
DA:299,0
DA:301,0
DA:302,0
DA:303,0
DA:304,0
DA:305,0
DA:306,0
DA:308,0
DA:309,0
DA:312,0
DA:315,0
DA:316,0
DA:317,0
DA:320,0
DA:321,0
DA:322,0
DA:323,0
DA:325,0
DA:329,0
DA:330,0
DA:331,0
DA:332,0
DA:333,0
DA:334,0
DA:335,0
DA:336,0
DA:337,0
DA:338,0
DA:339,0
DA:340,0
DA:341,0
DA:342,0
DA:343,0
DA:345,0
DA:347,0
DA:349,0
DA:350,0
DA:351,0
DA:353,0
DA:354,0
DA:355,0
DA:356,0
DA:357,0
DA:359,0
DA:360,0
DA:361,0
DA:363,0
DA:364,0
DA:365,0
DA:366,0
DA:369,0
DA:370,0
DA:371,0
DA:372,0
DA:373,0
DA:374,0
DA:375,0
DA:376,0
DA:377,0
DA:378,0
DA:379,0
DA:380,0
DA:381,0
DA:382,0
DA:383,0
DA:384,0
DA:385,0
DA:386,0
DA:387,0
DA:388,0
DA:389,0
DA:390,0
DA:391,0
DA:392,0
DA:393,0
DA:394,0
DA:395,0
DA:396,0
DA:397,0
DA:398,0
LF:94
LH:0
end_of_record
SF:lib\src\ui\forms\widget\core_textfield.dart
DA:80,0
DA:156,0
DA:403,0
DA:404,0
DA:413,0
DA:415,0
DA:416,0
DA:419,0
DA:420,0
DA:421,0
DA:423,0
DA:426,0
DA:429,0
DA:430,0
DA:433,0
DA:434,0
DA:435,0
DA:438,0
DA:439,0
DA:440,0
DA:441,0
DA:444,0
DA:447,0
DA:448,0
DA:451,0
DA:452,0
DA:455,0
DA:457,0
DA:458,0
DA:459,0
DA:460,0
DA:461,0
DA:462,0
DA:464,0
DA:467,0
DA:468,0
DA:469,0
DA:471,0
DA:476,0
DA:478,0
DA:479,0
DA:481,0
DA:485,0
DA:487,0
DA:488,0
DA:490,0
DA:491,0
DA:493,0
DA:495,0
DA:496,0
DA:505,0
DA:506,0
DA:507,0
DA:508,0
DA:509,0
DA:510,0
DA:511,0
DA:512,0
DA:514,0
DA:515,0
DA:516,0
DA:517,0
DA:518,0
DA:519,0
DA:523,0
DA:524,0
DA:525,0
DA:526,0
DA:528,0
DA:530,0
DA:531,0
DA:532,0
DA:535,0
DA:536,0
DA:537,0
DA:538,0
DA:539,0
DA:540,0
DA:541,0
DA:542,0
DA:543,0
DA:544,0
DA:545,0
DA:546,0
DA:547,0
DA:548,0
DA:549,0
DA:550,0
DA:551,0
DA:552,0
DA:553,0
DA:554,0
DA:555,0
DA:556,0
DA:557,0
DA:558,0
DA:559,0
DA:560,0
DA:561,0
DA:562,0
DA:563,0
DA:564,0
DA:565,0
DA:566,0
DA:567,0
DA:568,0
DA:569,0
DA:570,0
DA:571,0
DA:572,0
DA:573,0
DA:574,0
DA:575,0
DA:576,0
DA:577,0
DA:578,0
DA:579,0
DA:580,0
DA:586,0
DA:587,0
DA:588,0
DA:589,0
DA:590,0
DA:591,0
DA:596,0
DA:598,0
DA:599,0
DA:601,0
DA:602,0
DA:603,0
DA:609,0
DA:610,0
DA:612,0
DA:615,0
DA:616,0
DA:617,0
DA:618,0
DA:621,0
DA:622,0
DA:627,0
DA:628,0
DA:629,0
DA:630,0
DA:636,0
DA:637,0
DA:639,0
DA:640,0
DA:643,0
DA:644,0
DA:649,0
DA:650,0
DA:651,0
DA:652,0
LF:153
LH:0
end_of_record
SF:lib\src\ui\pagination\core_pagination_cubit.dart
DA:22,0
DA:34,0
DA:35,0
DA:36,0
DA:57,0
DA:63,0
DA:65,0
DA:67,0
DA:74,0
DA:76,0
DA:78,0
DA:82,0
DA:88,0
DA:89,0
DA:90,0
DA:91,0
DA:94,0
DA:95,0
DA:96,0
DA:97,0
DA:98,0
DA:107,0
DA:108,0
DA:109,0
DA:111,0
DA:112,0
DA:116,0
DA:123,0
DA:128,0
DA:130,0
DA:131,0
DA:134,0
DA:135,0
DA:136,0
DA:137,0
DA:144,0
DA:151,0
DA:152,0
DA:154,0
DA:156,0
DA:157,0
DA:164,0
DA:165,0
DA:166,0
DA:169,0
DA:171,0
DA:172,0
DA:175,0
DA:182,0
DA:186,0
DA:187,0
DA:188,0
DA:189,0
DA:190,0
DA:191,0
DA:192,0
DA:193,0
DA:196,0
DA:203,0
DA:204,0
DA:205,0
DA:206,0
DA:207,0
DA:208,0
DA:209,0
DA:210,0
DA:213,0
DA:220,0
DA:221,0
DA:222,0
DA:223,0
DA:224,0
DA:226,0
DA:227,0
DA:228,0
DA:229,0
DA:230,0
DA:231,0
DA:232,0
DA:233,0
DA:241,0
DA:242,0
DA:243,0
DA:244,0
DA:245,0
DA:246,0
DA:247,0
DA:248,0
DA:251,0
DA:258,0
DA:259,0
DA:260,0
DA:261,0
DA:262,0
DA:263,0
DA:264,0
DA:265,0
DA:268,0
DA:275,0
DA:276,0
DA:277,0
DA:278,0
DA:279,0
DA:281,0
DA:282,0
DA:283,0
DA:285,0
DA:286,0
DA:289,0
DA:290,0
DA:291,0
DA:294,0
DA:301,0
DA:302,0
DA:303,0
DA:304,0
DA:305,0
DA:306,0
DA:307,0
DA:308,0
DA:311,0
DA:318,0
DA:319,0
DA:320,0
DA:322,0
DA:323,0
DA:333,0
DA:334,0
DA:335,0
DA:336,0
DA:337,0
DA:344,0
DA:345,0
DA:346,0
DA:347,0
DA:348,0
DA:349,0
LF:137
LH:0
end_of_record
SF:lib\src\ui\pagination\core_pagination_state.dart
DA:6,0
DA:28,0
DA:29,0
DA:31,0
DA:35,0
DA:36,0
DA:41,0
LF:7
LH:0
end_of_record
SF:lib\src\ui\pagination\core_pagination_widget.dart
DA:22,0
DA:42,0
DA:146,0
DA:150,0
DA:151,0
DA:155,0
DA:157,0
DA:175,0
DA:195,0
DA:199,0
DA:269,0
DA:271,0
DA:278,0
DA:280,0
DA:281,0
DA:282,0
DA:284,0
DA:285,0
DA:286,0
DA:290,0
DA:291,0
DA:292,0
DA:293,0
DA:296,0
DA:299,0
DA:301,0
DA:303,0
DA:304,0
DA:305,0
DA:309,0
DA:311,0
DA:312,0
DA:315,0
DA:317,0
DA:318,0
DA:319,0
DA:320,0
DA:321,0
DA:322,0
DA:323,0
DA:324,0
DA:325,0
DA:326,0
DA:327,0
DA:328,0
DA:329,0
DA:330,0
DA:331,0
DA:332,0
DA:333,0
DA:334,0
DA:335,0
DA:336,0
DA:337,0
DA:338,0
DA:348,0
DA:350,0
DA:352,0
DA:353,0
DA:354,0
DA:355,0
DA:356,0
DA:357,0
DA:358,0
DA:360,0
DA:368,0
DA:372,0
DA:374,0
DA:375,0
DA:377,0
DA:378,0
DA:379,0
DA:380,0
DA:381,0
DA:382,0
DA:383,0
DA:384,0
DA:385,0
DA:386,0
DA:387,0
DA:391,0
DA:392,0
DA:394,0
DA:395,0
DA:396,0
DA:397,0
DA:398,0
DA:399,0
DA:401,0
DA:402,0
DA:411,0
DA:416,0
DA:417,0
DA:418,0
DA:420,0
DA:421,0
DA:422,0
DA:423,0
DA:424,0
DA:426,0
DA:429,0
DA:432,0
DA:438,0
DA:440,0
DA:441,0
DA:445,0
DA:449,0
DA:450,0
DA:453,0
DA:454,0
DA:462,0
DA:466,0
DA:468,0
DA:469,0
DA:470,0
DA:471,0
DA:473,0
DA:474,0
DA:475,0
DA:476,0
DA:480,0
DA:481,0
DA:482,0
DA:483,0
DA:484,0
DA:485,0
DA:488,0
DA:491,0
DA:494,0
DA:499,1
DA:501,0
LF:131
LH:1
end_of_record
SF:lib\src\ui\pagination\pagination_strategy.dart
DA:2,0
DA:10,0
DA:11,0
DA:16,0
DA:20,0
DA:21,0
DA:23,0
DA:25,0
DA:28,0
DA:30,0
DA:33,0
DA:35,0
DA:38,0
DA:40,0
DA:43,0
DA:45,0
DA:48,0
DA:49,0
DA:53,0
DA:57,0
DA:58,0
DA:60,0
DA:62,0
DA:65,0
DA:67,0
DA:70,0
DA:72,0
DA:75,0
DA:77,0
DA:80,0
DA:82,0
DA:85,0
DA:86,0
LF:33
LH:0
end_of_record
SF:lib\src\ui\responsive\responsive_functions.dart
DA:21,0
DA:30,0
DA:33,0
DA:34,0
DA:42,0
DA:43,0
DA:50,0
DA:51,0
DA:58,0
DA:59,0
DA:66,0
DA:67,0
DA:80,0
LF:13
LH:0
end_of_record
SF:lib\src\ui\value_selector\multi_selector_cubit.dart
DA:15,0
DA:28,0
DA:30,0
DA:31,0
DA:32,0
DA:33,0
DA:36,0
DA:38,0
DA:39,0
LF:9
LH:0
end_of_record
SF:lib\src\ui\value_selector\value_selector_cubit.dart
DA:17,0
DA:22,0
DA:42,0
DA:45,0
DA:55,0
DA:59,0
DA:60,0
DA:61,0
DA:63,0
DA:64,0
LF:10
LH:0
end_of_record
SF:lib\src\ui\value_selector\value_selector_state.dart
DA:4,0
DA:7,0
DA:8,0
LF:3
LH:0
end_of_record
SF:lib\src\ui\value_selector\single_selector_cubit.dart
DA:15,0
DA:28,0
DA:30,0
DA:31,0
DA:32,0
DA:33,0
DA:37,0
DA:38,0
DA:40,0
DA:41,0
LF:10
LH:0
end_of_record
SF:lib\src\ui\widgets\core_carousel.dart
DA:66,0
DA:85,0
DA:88,0
DA:92,0
DA:93,0
DA:97,0
DA:120,0
DA:143,0
DA:147,0
DA:148,0
DA:152,0
DA:176,0
DA:200,0
DA:204,0
DA:205,0
DA:209,0
DA:282,0
DA:283,0
DA:284,0
DA:285,0
DA:286,0
DA:287,0
DA:288,0
DA:292,0
DA:296,0
DA:297,0
DA:298,0
DA:299,0
DA:300,0
DA:301,0
DA:302,0
DA:303,0
DA:304,0
DA:305,0
DA:306,0
DA:307,0
DA:308,0
DA:309,0
DA:312,0
DA:314,0
DA:322,0
DA:323,0
DA:326,0
DA:327,0
DA:329,0
DA:330,0
DA:331,0
DA:334,0
DA:335,0
LF:49
LH:0
end_of_record
SF:lib\src\ui\widgets\core_default_error_widget.dart
DA:5,0
DA:12,0
DA:14,0
DA:15,0
DA:17,0
DA:19,0
DA:20,0
DA:22,0
LF:8
LH:0
end_of_record
SF:lib\src\ui\widgets\core_image.dart
DA:37,0
DA:48,0
DA:50,0
DA:61,0
DA:113,0
DA:152,0
DA:197,0
DA:208,0
DA:258,0
DA:260,0
DA:261,0
DA:262,0
DA:263,0
DA:264,0
DA:265,0
DA:270,0
DA:271,0
DA:272,0
DA:273,0
DA:274,0
DA:275,0
DA:276,0
DA:277,0
DA:278,0
DA:279,0
DA:280,0
DA:281,0
DA:282,0
DA:283,0
DA:284,0
DA:286,0
DA:287,0
DA:288,0
DA:289,0
DA:290,0
DA:291,0
DA:293,0
DA:294,0
DA:295,0
DA:296,0
DA:302,0
DA:303,0
DA:304,0
DA:305,0
DA:306,0
DA:307,0
DA:308,0
DA:309,0
DA:310,0
DA:311,0
DA:312,0
DA:313,0
DA:317,0
DA:318,0
DA:319,0
DA:320,0
DA:321,0
DA:322,0
DA:323,0
DA:324,0
DA:325,0
DA:326,0
DA:327,0
DA:331,0
DA:332,0
DA:334,0
DA:335,0
DA:336,0
DA:337,0
DA:338,0
DA:339,0
DA:340,0
DA:341,0
DA:342,0
DA:343,0
DA:344,0
DA:348,0
DA:349,0
DA:350,0
DA:351,0
DA:352,0
DA:353,0
DA:354,0
DA:356,0
DA:357,0
DA:361,0
DA:364,0
DA:365,0
DA:366,0
DA:370,0
DA:373,0
DA:376,0
DA:379,0
DA:380,0
DA:381,0
DA:385,0
DA:386,0
DA:388,0
DA:389,0
DA:391,0
DA:392,0
DA:393,0
DA:394,0
DA:395,0
DA:397,0
DA:399,0
DA:404,0
DA:405,0
DA:406,0
DA:407,0
DA:409,0
DA:410,0
DA:416,0
DA:417,0
DA:418,0
DA:419,0
DA:420,0
DA:421,0
DA:422,0
DA:423,0
DA:425,0
DA:426,0
DA:427,0
DA:429,0
DA:430,0
DA:437,0
DA:439,0
DA:440,0
DA:443,0
DA:444,0
DA:447,0
DA:448,0
DA:449,0
LF:133
LH:0
end_of_record
SF:lib\src\ui\widgets\core_listview_carousel.dart
DA:40,0
DA:54,0
DA:70,0
DA:83,0
DA:84,0
DA:88,0
DA:90,0
DA:91,0
DA:92,0
DA:93,0
DA:94,0
DA:95,0
DA:97,0
DA:98,0
DA:99,0
DA:101,0
DA:102,0
DA:104,0
DA:108,0
DA:110,0
DA:111,0
DA:112,0
DA:113,0
DA:115,0
DA:116,0
DA:117,0
DA:120,0
DA:123,0
DA:125,0
DA:130,0
DA:131,0
DA:132,0
DA:133,0
DA:135,0
DA:137,0
DA:150,0
DA:157,0
DA:158,0
DA:162,0
DA:167,0
DA:168,0
DA:172,0
DA:178,0
DA:179,0
DA:180,0
DA:181,0
DA:190,0
DA:196,0
DA:197,0
DA:198,0
DA:199,0
LF:51
LH:0
end_of_record
SF:lib\src\ui\widgets\core_read_more_text.dart
DA:42,0
DA:139,0
DA:140,0
DA:144,0
DA:145,0
DA:147,0
DA:149,0
DA:151,0
DA:152,0
DA:153,0
DA:154,0
DA:155,0
DA:156,0
DA:157,0
DA:158,0
DA:159,0
DA:160,0
DA:161,0
DA:162,0
DA:163,0
DA:164,0
DA:165,0
DA:166,0
DA:167,0
DA:168,0
DA:169,0
DA:170,0
DA:171,0
DA:172,0
DA:173,0
DA:174,0
DA:176,0
LF:32
LH:0
end_of_record
SF:lib\src\ui\widgets\core_scrollable_content_with_fab.dart
DA:7,0
DA:27,0
DA:29,0
DA:40,0
DA:42,0
DA:45,0
DA:46,0
DA:53,0
DA:55,0
DA:56,0
DA:57,0
DA:58,0
DA:62,0
DA:64,0
DA:65,0
DA:66,0
DA:69,0
DA:70,0
DA:72,0
DA:73,0
DA:77,0
DA:79,0
DA:80,0
DA:82,0
DA:84,0
DA:85,0
DA:86,0
DA:88,0
DA:91,0
DA:92,0
LF:30
LH:0
end_of_record
SF:lib\src\use_cases\future_either_use_case.dart
DA:5,0
LF:1
LH:0
end_of_record
SF:lib\src\use_cases\usecase.dart
DA:2,0
LF:1
LH:0
end_of_record
SF:lib\src\use_cases\stream_either_use_case.dart
DA:5,0
LF:1
LH:0
end_of_record
SF:lib\src\use_cases\unawaited_use_case.dart
DA:4,0
LF:1
LH:0
end_of_record
SF:lib\src\utils\value_tester.dart
DA:3,0
DA:7,0
DA:9,0
DA:10,0
DA:15,0
DA:17,0
DA:18,0
DA:24,0
DA:26,0
DA:27,0
DA:29,0
DA:30,0
DA:34,0
DA:35,0
DA:37,0
DA:38,0
DA:40,0
DA:41,0
DA:43,0
DA:44,0
DA:46,0
DA:47,0
DA:48,0
DA:51,0
DA:53,0
DA:54,0
LF:26
LH:0
end_of_record
