SF:lib\src\ui\forms\cubit\core_form_cubit.dart
DA:11,5
DA:14,10
DA:15,10
DA:16,10
DA:19,5
DA:20,5
DA:21,10
DA:22,5
DA:25,10
DA:34,3
DA:37,5
DA:43,10
DA:44,2
DA:49,10
DA:50,5
DA:51,1
DA:56,10
DA:59,10
DA:62,10
DA:63,10
DA:64,10
DA:65,5
DA:69,5
DA:73,1
DA:79,2
DA:80,2
DA:85,2
DA:86,1
DA:87,1
DA:92,2
DA:95,2
DA:98,2
DA:99,2
DA:100,2
DA:101,1
DA:103,1
DA:104,1
DA:110,1
DA:115,2
DA:116,1
DA:117,1
DA:120,2
DA:121,2
DA:126,2
DA:127,1
DA:128,1
DA:134,4
DA:137,2
DA:139,2
DA:140,2
DA:141,2
DA:142,1
DA:146,1
DA:151,1
DA:157,2
DA:160,3
DA:161,2
DA:162,2
DA:165,3
DA:166,2
DA:167,2
DA:168,2
DA:173,4
DA:177,5
DA:178,10
DA:179,5
DA:184,1
DA:185,4
DA:189,1
DA:194,3
DA:195,3
DA:196,2
DA:197,2
DA:200,1
DA:201,4
DA:205,2
DA:206,1
DA:208,1
DA:209,1
DA:216,4
DA:220,8
DA:221,2
DA:224,12
DA:225,12
DA:228,12
DA:234,12
DA:236,3
DA:238,2
DA:241,8
DA:242,4
DA:243,8
DA:244,8
DA:245,8
DA:249,16
DA:254,1
DA:256,2
DA:259,1
DA:260,4
DA:261,1
DA:264,1
DA:265,4
DA:270,1
DA:272,2
DA:275,3
DA:276,2
DA:277,2
DA:282,1
DA:283,3
DA:285,3
DA:286,2
DA:287,2
DA:288,2
DA:303,1
DA:309,2
DA:310,2
DA:313,3
DA:316,1
DA:318,1
DA:322,2
DA:325,2
DA:326,1
DA:327,2
DA:329,2
DA:330,2
DA:334,4
DA:344,1
DA:348,3
DA:351,2
DA:352,1
DA:353,1
DA:356,2
DA:357,2
DA:361,2
DA:364,1
DA:366,1
DA:371,2
DA:372,1
DA:373,2
DA:375,2
DA:376,2
DA:379,4
DA:383,5
DA:385,15
DA:386,5
LF:144
LH:144
end_of_record
SF:lib\src\ui\forms\models\core_form_state.dart
DA:14,18
DA:15,6
DA:23,2
DA:26,4
DA:27,4
DA:31,4
DA:32,2
DA:33,2
DA:37,4
DA:39,2
DA:41,0
DA:45,2
DA:46,4
DA:49,2
DA:50,4
LF:15
LH:14
end_of_record
SF:lib\src\ui\forms\models\typed_form_field.dart
DA:15,10
DA:18,7
DA:21,21
LF:3
LH:3
end_of_record
SF:lib\src\utils\validators\validator.dart
DA:5,0
LF:1
LH:0
end_of_record
SF:lib\src\ui\forms\services\form_field_manager.dart
DA:10,7
DA:11,14
DA:12,14
DA:13,7
DA:16,14
DA:17,28
DA:18,21
DA:23,2
DA:26,14
DA:29,14
DA:32,6
DA:33,12
DA:37,6
DA:38,12
DA:39,18
DA:40,3
DA:42,6
DA:46,6
DA:47,12
DA:48,12
DA:53,2
DA:54,4
DA:55,2
DA:60,2
DA:61,6
DA:62,4
DA:67,2
DA:68,6
DA:69,4
DA:74,2
DA:78,10
DA:80,4
DA:81,4
DA:85,4
DA:86,4
DA:89,4
DA:92,6
DA:96,6
DA:97,6
DA:98,12
DA:99,18
DA:105,7
DA:106,7
DA:107,14
DA:108,21
LF:45
LH:45
end_of_record
SF:lib\src\ui\forms\services\form_state_computer.dart
DA:12,6
DA:15,6
DA:17,6
DA:20,12
DA:23,6
DA:24,6
DA:27,2
DA:38,2
DA:39,2
DA:43,2
DA:45,1
DA:46,1
DA:51,1
DA:56,2
DA:58,4
DA:60,2
DA:62,2
DA:63,4
DA:65,2
DA:66,2
DA:69,2
DA:70,2
DA:75,2
DA:82,1
DA:84,2
DA:87,1
DA:89,1
DA:90,1
DA:92,1
DA:94,0
DA:97,2
DA:99,1
DA:100,1
DA:104,1
DA:105,1
DA:110,1
DA:117,1
DA:119,1
DA:120,1
DA:122,1
DA:125,1
DA:133,6
DA:142,6
DA:143,6
DA:144,6
DA:148,6
DA:151,6
DA:153,6
DA:154,6
DA:155,12
DA:157,6
DA:162,2
DA:164,4
DA:166,4
DA:172,2
DA:174,1
DA:178,2
DA:179,2
DA:184,12
DA:186,6
DA:187,6
DA:191,6
DA:196,6
DA:201,2
DA:209,2
DA:210,2
DA:213,4
DA:214,6
DA:219,2
DA:222,2
DA:224,2
DA:225,2
DA:226,4
DA:228,2
DA:233,1
DA:235,2
DA:236,2
DA:238,1
DA:239,1
DA:241,1
DA:243,1
DA:248,1
DA:249,1
DA:253,2
DA:256,4
DA:258,2
DA:259,2
DA:263,2
DA:268,1
DA:275,1
DA:278,2
DA:281,1
DA:282,1
DA:286,1
DA:291,1
DA:298,1
DA:301,2
DA:303,1
DA:304,1
DA:308,1
LF:100
LH:99
end_of_record
SF:lib\src\utils\validators\composite_validator.dart
DA:8,7
DA:13,6
DA:15,12
DA:16,6
LF:4
LH:4
end_of_record
SF:lib\src\ui\forms\services\form_debounced_validation_service.dart
DA:12,7
DA:15,7
DA:22,2
DA:30,5
DA:33,10
DA:34,2
DA:47,1
DA:55,3
DA:57,1
DA:67,3
DA:74,3
DA:77,15
DA:78,6
DA:83,3
DA:88,1
DA:95,1
DA:97,2
DA:102,1
DA:106,2
DA:113,2
DA:115,2
DA:119,4
DA:125,4
DA:129,7
DA:130,16
DA:131,2
DA:133,14
DA:137,1
DA:138,3
DA:139,2
DA:143,6
DA:144,6
DA:148,0
LF:33
LH:32
end_of_record
SF:lib\src\ui\forms\services\form_validation_service.dart
DA:7,8
DA:12,8
DA:16,8
DA:22,8
DA:25,8
DA:26,8
DA:30,8
DA:35,8
DA:37,16
DA:38,8
DA:45,7
DA:53,7
DA:60,14
DA:62,14
DA:65,6
DA:82,3
DA:90,3
DA:92,6
DA:94,6
DA:97,2
DA:99,2
DA:100,2
LF:22
LH:22
end_of_record
SF:lib\src\api_handler\api_handler_impl.dart
DA:20,0
DA:25,0
DA:30,0
DA:35,0
DA:36,0
DA:38,0
DA:39,0
DA:43,0
DA:58,0
DA:62,0
DA:63,0
DA:65,0
DA:66,0
DA:68,0
DA:69,0
DA:84,0
DA:92,0
DA:93,0
DA:96,0
DA:100,0
DA:117,0
DA:127,0
DA:128,0
DA:129,0
DA:133,0
DA:138,0
DA:140,0
DA:154,0
DA:161,0
DA:162,0
DA:165,0
DA:166,0
DA:182,0
DA:191,0
DA:192,0
DA:193,0
DA:197,0
DA:201,0
DA:217,0
DA:226,0
DA:227,0
DA:228,0
DA:232,0
DA:236,0
DA:252,0
DA:261,0
DA:262,0
DA:266,0
DA:268,0
DA:270,0
DA:272,0
DA:281,0
DA:283,0
DA:286,0
LF:54
LH:0
end_of_record
SF:lib\src\api_handler\auth_token_manager.dart
DA:4,0
DA:19,0
DA:20,0
DA:21,0
DA:22,0
DA:24,0
DA:27,0
DA:28,0
DA:29,0
DA:30,0
DA:35,0
DA:43,0
DA:44,0
DA:45,0
DA:46,0
DA:48,0
DA:51,0
DA:52,0
DA:53,0
DA:54,0
DA:59,0
DA:63,0
DA:64,0
DA:65,0
DA:67,0
DA:68,0
DA:70,0
DA:72,0
DA:74,0
DA:80,0
DA:81,0
DA:82,0
DA:84,0
DA:86,0
DA:87,0
LF:35
LH:0
end_of_record
SF:lib\src\api_handler\cancel_request_adapter.dart
DA:36,0
DA:38,0
DA:41,0
DA:47,0
DA:48,0
DA:54,0
LF:6
LH:0
end_of_record
SF:lib\src\api_handler\form_data_adapter.dart
DA:13,0
DA:21,0
DA:23,0
DA:25,0
DA:31,0
DA:33,0
DA:35,0
DA:37,0
DA:38,0
DA:40,0
DA:41,0
DA:43,0
DA:44,0
DA:48,0
LF:14
LH:0
end_of_record
SF:lib\src\error_handling\failures\network_failure.dart
DA:5,0
DA:11,0
DA:17,0
DA:23,0
DA:29,0
DA:35,0
DA:41,0
DA:47,0
DA:53,0
DA:61,0
DA:65,0
DA:71,0
DA:77,0
DA:83,0
DA:89,0
DA:95,0
DA:101,0
DA:107,0
DA:113,0
DA:119,0
DA:125,0
DA:131,0
DA:137,0
DA:143,0
DA:148,0
LF:25
LH:0
end_of_record
SF:lib\src\api_handler\interceptors\auth_interceptor.dart
DA:16,0
DA:23,0
DA:29,0
DA:30,0
DA:32,0
DA:33,0
DA:34,0
DA:36,0
DA:37,0
DA:40,0
DA:43,0
DA:44,0
DA:52,0
DA:57,0
DA:58,0
DA:60,0
DA:64,0
DA:65,0
DA:66,0
DA:67,0
DA:68,0
DA:71,0
DA:74,0
DA:75,0
DA:76,0
DA:77,0
DA:81,0
DA:85,0
DA:91,0
DA:93,0
DA:96,0
DA:97,0
DA:99,0
DA:105,0
DA:107,0
DA:108,0
DA:109,0
DA:117,0
DA:121,0
DA:123,0
DA:124,0
DA:127,0
DA:132,0
DA:133,0
DA:135,0
DA:137,0
DA:144,0
DA:148,0
DA:149,0
DA:151,0
DA:152,0
DA:153,0
DA:154,0
DA:158,0
DA:159,0
DA:160,0
DA:163,0
DA:167,0
DA:168,0
DA:169,0
DA:188,0
DA:190,0
DA:193,0
DA:194,0
DA:196,0
DA:197,0
DA:199,0
DA:203,0
DA:204,0
DA:205,0
DA:206,0
DA:211,0
DA:221,0
DA:223,0
DA:228,0
DA:229,0
DA:232,0
DA:235,0
DA:236,0
DA:238,0
DA:240,0
DA:241,0
DA:246,0
LF:83
LH:0
end_of_record
SF:lib\src\api_handler\interceptors\logging_interceptor.dart
DA:7,0
DA:21,0
DA:23,0
DA:24,0
DA:25,0
DA:27,0
DA:30,0
DA:32,0
DA:33,0
DA:34,0
DA:36,0
DA:39,0
DA:41,0
DA:42,0
DA:43,0
DA:45,0
DA:48,0
DA:49,0
DA:50,0
DA:51,0
DA:54,0
DA:55,0
DA:56,0
DA:57,0
DA:62,0
DA:63,0
DA:64,0
DA:65,0
DA:70,0
DA:71,0
DA:72,0
DA:73,0
DA:75,0
DA:76,0
DA:80,0
DA:81,0
DA:84,0
DA:85,0
DA:86,0
DA:87,0
DA:90,0
DA:91,0
DA:92,0
DA:93,0
DA:98,0
DA:100,0
DA:101,0
DA:104,0
DA:105,0
DA:108,0
DA:109,0
DA:110,0
DA:111,0
DA:112,0
DA:114,0
DA:115,0
DA:116,0
DA:120,0
DA:121,0
DA:122,0
DA:123,0
DA:126,0
DA:127,0
DA:128,0
DA:129,0
DA:130,0
DA:131,0
DA:134,0
DA:135,0
DA:136,0
DA:137,0
DA:138,0
DA:139,0
DA:140,0
DA:146,0
DA:150,0
DA:152,0
DA:154,0
DA:157,0
DA:160,0
DA:161,0
LF:81
LH:0
end_of_record
SF:lib\src\dev_tools\core_logger.dart
DA:25,0
DA:28,0
DA:30,0
DA:31,0
DA:35,0
DA:37,0
DA:38,0
DA:42,0
DA:44,0
DA:45,0
DA:49,0
DA:51,0
DA:52,0
DA:56,0
DA:58,0
DA:59,0
LF:16
LH:0
end_of_record
SF:lib\src\api_handler\models\error_response_model.dart
DA:11,0
DA:12,0
DA:23,0
DA:24,0
DA:32,0
DA:33,0
LF:6
LH:0
end_of_record
SF:lib\src\api_handler\models\error_response_model.g.dart
DA:9,0
DA:10,0
DA:11,0
DA:14,0
DA:15,0
DA:17,0
DA:18,0
DA:19,0
DA:20,0
DA:21,0
DA:22,0
DA:25,0
DA:26,0
DA:27,0
DA:28,0
DA:29,0
DA:32,0
DA:33,0
DA:34,0
DA:37,0
DA:38,0
LF:21
LH:0
end_of_record
SF:lib\src\api_handler\models\pagination_response_model.dart
DA:13,0
DA:17,0
DA:20,0
DA:25,0
DA:26,0
DA:27,0
DA:29,0
LF:7
LH:0
end_of_record
SF:lib\src\api_handler\models\pagination_response_model.g.dart
DA:9,0
DA:14,0
DA:15,0
DA:16,0
DA:19,0
DA:23,0
DA:24,0
DA:25,0
DA:28,0
DA:31,0
DA:33,0
DA:36,0
LF:12
LH:0
end_of_record
SF:lib\src\api_handler\models\success_response_model.dart
DA:31,0
DA:34,0
DA:41,0
DA:49,0
DA:50,0
DA:52,0
DA:53,0
DA:57,0
DA:59,0
DA:61,0
DA:76,0
DA:79,0
DA:81,0
DA:101,0
DA:106,0
DA:108,0
DA:111,0
DA:129,0
DA:132,0
DA:137,0
DA:141,0
DA:142,0
DA:145,0
DA:146,0
DA:147,0
DA:149,0
DA:150,0
LF:27
LH:0
end_of_record
SF:lib\src\api_handler\models\success_response_model.g.dart
DA:9,0
DA:12,0
DA:14,0
DA:17,0
LF:4
LH:0
end_of_record
SF:lib\src\api_handler\params\id_param.dart
DA:15,0
DA:16,0
DA:18,0
DA:20,0
DA:22,0
LF:5
LH:0
end_of_record
SF:lib\src\api_handler\params\id_param.g.dart
DA:9,0
DA:10,0
DA:12,0
DA:13,0
LF:4
LH:0
end_of_record
SF:lib\src\api_handler\params\no_params.dart
DA:10,0
DA:17,0
DA:18,0
DA:20,0
DA:22,0
LF:5
LH:0
end_of_record
SF:lib\src\api_handler\params\no_params.g.dart
DA:9,0
DA:11,0
DA:12,0
LF:3
LH:0
end_of_record
SF:lib\src\api_handler\params\pagination_params.dart
DA:18,0
DA:27,0
DA:28,0
DA:30,0
DA:31,0
DA:33,0
DA:34,0
DA:36,0
DA:38,0
DA:46,0
DA:55,0
DA:56,0
DA:58,0
DA:59,0
DA:61,0
DA:63,0
LF:16
LH:0
end_of_record
SF:lib\src\api_handler\params\pagination_params.g.dart
DA:9,0
DA:11,0
DA:12,0
DA:13,0
DA:16,0
DA:18,0
DA:20,0
DA:22,0
DA:23,0
DA:24,0
DA:27,0
DA:29,0
LF:12
LH:0
end_of_record
SF:lib\src\api_handler\params\search_params.dart
DA:10,0
DA:18,0
DA:19,0
DA:21,0
DA:23,0
LF:5
LH:0
end_of_record
SF:lib\src\api_handler\params\search_params.g.dart
DA:9,0
DA:10,0
DA:12,0
DA:13,0
LF:4
LH:0
end_of_record
SF:lib\src\config\core_config.dart
DA:7,0
DA:10,0
DA:12,0
DA:13,0
DA:14,0
DA:24,0
DA:27,0
DA:28,0
DA:29,0
DA:30,0
DA:31,0
LF:11
LH:0
end_of_record
SF:lib\src\config\entities\core_config_after_project_setup_entity.dart
DA:5,0
DA:13,0
DA:14,0
LF:3
LH:0
end_of_record
SF:lib\src\config\entities\core_config_entity.dart
DA:8,0
DA:23,0
DA:24,0
DA:25,0
DA:26,0
DA:27,0
LF:6
LH:0
end_of_record
SF:lib\src\config\entities\localization_config_entity.dart
DA:6,0
DA:15,0
DA:16,0
DA:17,0
DA:18,0
DA:19,0
LF:6
LH:0
end_of_record
SF:lib\src\config\entities\network_config_entity.dart
DA:5,0
DA:73,0
DA:74,0
DA:75,0
DA:77,0
DA:78,0
DA:79,0
DA:81,0
DA:83,0
DA:84,0
DA:85,0
DA:86,0
DA:87,0
DA:88,0
DA:89,0
DA:91,0
DA:92,0
LF:17
LH:0
end_of_record
SF:lib\src\config\entities\theme_config_entity.dart
DA:5,0
DA:12,0
DA:14,0
DA:15,0
DA:26,0
DA:32,0
DA:33,0
DA:34,0
DA:35,0
DA:36,0
DA:40,0
DA:41,0
DA:42,0
DA:43,0
DA:44,0
DA:45,0
LF:16
LH:0
end_of_record
SF:lib\src\environment\environment_config.dart
DA:9,0
DA:10,0
DA:11,0
DA:12,0
DA:19,0
DA:24,0
DA:25,0
DA:28,0
DA:31,0
DA:32,0
DA:35,0
DA:38,0
DA:39,0
DA:40,0
DA:43,0
DA:44,0
DA:47,0
DA:53,0
DA:54,0
DA:57,0
DA:58,0
DA:61,0
DA:62,0
DA:65,0
DA:66,0
DA:70,0
DA:71,0
LF:27
LH:0
end_of_record
SF:lib\src\config\entities\navigation_config_entity.dart
DA:6,0
DA:23,0
DA:24,0
DA:25,0
DA:26,0
DA:28,0
DA:29,0
DA:30,0
LF:8
LH:0
end_of_record
SF:lib\src\config\service\config_service.dart
DA:6,0
DA:9,0
DA:10,0
DA:13,0
DA:14,0
DA:17,0
DA:20,0
DA:21,0
DA:24,0
DA:27,0
DA:28,0
DA:31,0
DA:32,0
DA:35,0
DA:36,0
DA:37,0
DA:38,0
DA:43,0
DA:44,0
LF:19
LH:0
end_of_record
SF:lib\src\constants\defaults.dart
DA:5,0
DA:13,0
LF:2
LH:0
end_of_record
SF:lib\src\dependency_injection\di_container.dart
DA:34,0
DA:36,0
DA:37,0
DA:38,0
DA:40,0
DA:41,0
DA:42,0
DA:43,0
DA:44,0
DA:47,0
DA:51,0
DA:52,0
DA:53,0
DA:55,0
DA:56,0
DA:57,0
DA:58,0
DA:61,0
DA:62,0
DA:63,0
DA:64,0
DA:66,0
DA:69,0
DA:70,0
DA:72,0
DA:73,0
DA:75,0
DA:76,0
DA:78,0
DA:79,0
DA:80,0
DA:82,0
DA:83,0
DA:84,0
DA:86,0
DA:87,0
DA:89,0
DA:90,0
DA:91,0
DA:92,0
DA:95,0
DA:96,0
DA:97,0
DA:98,0
DA:103,0
DA:114,0
DA:119,0
DA:120,0
DA:121,0
DA:122,0
DA:128,0
DA:129,0
DA:133,0
DA:134,0
DA:136,0
DA:143,0
DA:145,0
DA:149,0
DA:150,0
DA:151,0
DA:153,0
DA:154,0
DA:155,0
DA:157,0
DA:159,0
DA:160,0
DA:164,0
LF:67
LH:0
end_of_record
SF:lib\src\error_handling\exception_mapper\dio_exception_mapper.dart
DA:71,0
DA:73,0
DA:74,0
DA:75,0
DA:79,0
DA:80,0
DA:81,0
DA:86,0
DA:87,0
DA:88,0
DA:89,0
DA:94,0
DA:95,0
DA:100,0
DA:101,0
DA:106,0
DA:107,0
DA:112,0
DA:113,0
DA:117,0
DA:118,0
DA:119,0
DA:120,0
DA:121,0
DA:122,0
DA:123,0
DA:124,0
DA:126,0
DA:127,0
DA:128,0
DA:130,0
DA:136,0
LF:32
LH:0
end_of_record
SF:lib\src\local_storage\local_database\nosql_database_imp.dart
DA:9,0
DA:17,0
DA:19,0
DA:20,0
DA:21,0
DA:24,0
DA:26,0
DA:27,0
DA:28,0
DA:30,0
DA:34,0
DA:35,0
DA:36,0
DA:37,0
DA:39,0
DA:42,0
DA:45,0
DA:46,0
DA:48,0
DA:52,0
DA:55,0
DA:56,0
DA:57,0
DA:58,0
DA:61,0
DA:65,0
DA:68,0
DA:69,0
DA:71,0
DA:75,0
DA:78,0
DA:79,0
DA:80,0
DA:81,0
DA:84,0
LF:35
LH:0
end_of_record
SF:lib\src\local_storage\secure_database\secure_database_imp.dart
DA:6,0
DA:10,0
DA:13,0
DA:14,0
DA:16,0
DA:20,0
DA:23,0
DA:24,0
DA:26,0
DA:30,0
DA:33,0
DA:35,0
DA:39,0
DA:42,0
DA:43,0
DA:45,0
DA:49,0
DA:52,0
DA:53,0
DA:55,0
DA:59,0
DA:62,0
DA:63,0
DA:65,0
LF:24
LH:0
end_of_record
SF:lib\src\localization\cubit\localization_cubit.dart
DA:7,0
DA:8,0
DA:9,0
DA:14,0
DA:15,0
DA:18,0
DA:19,0
DA:20,0
DA:21,0
DA:22,0
DA:23,0
DA:24,0
DA:25,0
DA:26,0
DA:29,0
DA:30,0
DA:31,0
DA:33,0
DA:34,0
LF:19
LH:0
end_of_record
SF:lib\src\network_status\cubit\network_status_cubit.dart
DA:15,0
DA:17,0
DA:18,0
DA:25,0
DA:27,0
DA:28,0
DA:32,0
DA:34,0
DA:35,0
DA:36,0
LF:10
LH:0
end_of_record
SF:lib\src\network_status\service\network_status_imp.dart
DA:7,0
DA:8,0
DA:16,0
DA:17,0
DA:19,0
DA:21,0
DA:22,0
DA:25,0
DA:27,0
DA:29,0
DA:30,0
DA:31,0
DA:33,0
DA:34,0
DA:35,0
DA:38,0
DA:39,0
DA:40,0
DA:43,0
DA:44,0
LF:20
LH:0
end_of_record
SF:lib\src\theme\cubit\theme_cubit.dart
DA:9,0
DA:14,0
DA:15,0
DA:19,0
DA:20,0
DA:22,0
DA:25,0
DA:26,0
DA:27,0
LF:9
LH:0
end_of_record
SF:lib\src\dev_tools\core_bloc_observer.dart
DA:8,0
DA:13,0
DA:15,0
DA:16,0
DA:17,0
DA:19,0
DA:22,0
DA:24,0
DA:25,0
DA:26,0
DA:27,0
DA:28,0
DA:29,0
DA:32,0
DA:34,0
DA:35,0
DA:36,0
DA:37,0
DA:38,0
DA:39,0
DA:40,0
DA:43,0
DA:45,0
DA:46,0
DA:47,0
DA:50,0
DA:53,0
DA:55,0
DA:56,0
DA:57,0
DA:58,0
DA:61,0
DA:63,0
DA:64,0
DA:65,0
DA:66,0
LF:36
LH:0
end_of_record
SF:lib\src\error_handling\failures\cache_failure.dart
DA:5,0
DA:10,0
DA:11,0
DA:16,0
DA:17,0
DA:22,0
DA:23,0
DA:28,0
DA:29,0
DA:34,0
DA:35,0
DA:40,0
DA:41,0
LF:13
LH:0
end_of_record
SF:lib\src\error_handling\failures\failure.dart
DA:4,6
DA:8,0
DA:9,0
DA:13,6
DA:14,0
LF:5
LH:2
end_of_record
SF:lib\src\extensions\context_extensions.dart
DA:4,0
DA:6,0
DA:8,0
DA:10,0
DA:12,0
DA:14,0
DA:16,0
DA:18,0
DA:20,0
DA:22,0
DA:24,0
DA:26,0
DA:28,0
DA:29,0
DA:31,0
DA:33,0
DA:35,0
DA:37,0
DA:39,0
DA:41,0
DA:43,0
DA:45,0
DA:47,0
DA:48,0
DA:51,0
DA:53,0
DA:55,0
LF:27
LH:0
end_of_record
SF:lib\src\extensions\datetime_extensions.dart
DA:4,0
DA:5,0
DA:6,0
DA:7,0
DA:8,0
DA:9,0
DA:10,0
DA:21,0
DA:30,0
DA:39,0
DA:48,0
DA:61,0
DA:62,0
DA:63,0
DA:64,0
DA:65,0
DA:67,0
DA:77,0
DA:86,0
DA:95,0
DA:96,0
DA:97,0
DA:98,0
DA:99,0
DA:103,0
DA:106,0
DA:115,0
DA:116,0
DA:117,0
DA:118,0
DA:128,0
DA:129,0
DA:130,0
DA:131,0
DA:144,0
DA:146,0
DA:147,0
DA:149,0
DA:150,0
DA:151,0
DA:152,0
DA:153,0
DA:166,0
DA:167,0
DA:168,0
DA:169,0
DA:170,0
DA:171,0
DA:172,0
DA:173,0
DA:183,0
DA:184,0
DA:185,0
DA:186,0
DA:196,0
DA:197,0
DA:198,0
DA:199,0
DA:209,0
DA:218,0
DA:227,0
DA:237,0
DA:238,0
DA:239,0
DA:241,0
DA:242,0
DA:243,0
DA:256,0
DA:257,0
DA:261,0
DA:262,0
DA:263,0
DA:267,0
DA:268,0
DA:269,0
DA:270,0
DA:271,0
DA:275,0
DA:276,0
DA:277,0
DA:278,0
DA:279,0
DA:283,0
DA:285,0
DA:286,0
DA:287,0
DA:291,0
DA:294,0
DA:297,0
DA:298,0
DA:299,0
DA:300,0
DA:301,0
DA:303,0
DA:306,0
DA:310,0
DA:313,0
DA:314,0
DA:317,0
DA:320,0
DA:321,0
DA:325,0
DA:327,0
DA:329,0
DA:330,0
DA:331,0
DA:334,0
DA:338,0
DA:339,0
DA:340,0
DA:341,0
DA:343,0
DA:345,0
DA:346,0
DA:347,0
DA:348,0
DA:352,0
DA:353,0
DA:354,0
DA:355,0
DA:356,0
DA:361,0
DA:362,0
DA:363,0
DA:364,0
DA:366,0
DA:367,0
DA:368,0
DA:369,0
DA:370,0
DA:371,0
DA:372,0
DA:373,0
DA:374,0
DA:375,0
DA:376,0
DA:378,0
DA:382,0
DA:383,0
DA:384,0
DA:385,0
DA:386,0
DA:387,0
DA:388,0
DA:389,0
DA:390,0
DA:394,0
DA:397,0
DA:400,0
DA:401,0
DA:402,0
DA:403,0
DA:404,0
DA:410,0
DA:411,0
DA:412,0
DA:413,0
DA:414,0
DA:420,0
DA:423,0
DA:424,0
DA:425,0
DA:426,0
DA:427,0
DA:435,0
DA:436,0
LF:166
LH:0
end_of_record
SF:lib\src\extensions\file_extensions.dart
DA:9,0
DA:12,0
DA:13,0
DA:16,0
DA:19,0
DA:22,0
DA:25,0
DA:28,0
DA:31,0
DA:33,0
DA:34,0
DA:35,0
DA:36,0
DA:37,0
DA:41,0
DA:44,0
DA:47,0
DA:50,0
DA:51,0
DA:54,0
DA:55,0
DA:56,0
DA:60,0
DA:63,0
DA:64,0
DA:65,0
DA:66,0
DA:68,0
DA:70,0
DA:72,0
DA:74,0
DA:76,0
DA:78,0
DA:80,0
DA:82,0
DA:84,0
DA:86,0
DA:88,0
DA:90,0
DA:92,0
DA:94,0
DA:102,0
DA:105,0
DA:106,0
DA:107,0
DA:108,0
DA:109,0
DA:110,0
DA:111,0
DA:112,0
DA:113,0
DA:114,0
DA:116,0
DA:117,0
DA:118,0
DA:119,0
DA:120,0
DA:121,0
DA:122,0
DA:123,0
LF:60
LH:0
end_of_record
SF:lib\src\extensions\int_extensions.dart
DA:5,0
DA:6,0
DA:7,0
DA:8,0
DA:9,0
DA:13,0
DA:16,0
DA:17,0
DA:18,0
DA:20,0
LF:10
LH:0
end_of_record
SF:lib\src\extensions\list_extensions.dart
DA:3,0
DA:4,0
DA:5,0
LF:3
LH:0
end_of_record
SF:lib\src\extensions\string_extensions.dart
DA:13,0
DA:14,0
DA:15,0
DA:16,0
DA:17,0
DA:18,0
DA:19,0
DA:20,0
DA:21,0
DA:22,0
DA:23,0
DA:24,0
DA:25,0
DA:26,0
DA:27,0
DA:30,0
DA:32,0
DA:37,0
DA:41,0
DA:42,0
DA:43,0
DA:44,0
DA:47,0
DA:49,0
DA:51,0
DA:53,0
DA:55,0
DA:57,0
DA:59,0
DA:60,0
DA:61,0
DA:62,0
DA:63,0
DA:64,0
DA:65,0
DA:66,0
DA:67,0
DA:70,0
DA:71,0
DA:72,0
DA:73,0
DA:74,0
DA:75,0
DA:76,0
DA:79,0
DA:80,0
DA:81,0
DA:82,0
DA:83,0
DA:84,0
DA:85,0
DA:88,0
DA:89,0
DA:90,0
DA:93,0
DA:94,0
DA:95,0
DA:98,0
DA:99,0
DA:100,0
DA:103,0
DA:105,0
DA:107,0
DA:109,0
DA:111,0
DA:113,0
DA:115,0
DA:116,0
DA:118,0
DA:120,0
DA:122,0
DA:124,0
DA:126,0
DA:127,0
DA:128,0
DA:130,0
DA:133,0
DA:135,0
DA:137,0
DA:138,0
DA:144,0
DA:146,0
DA:148,0
DA:150,0
DA:152,0
DA:154,0
DA:156,0
DA:158,0
DA:160,0
DA:162,0
DA:164,0
DA:166,0
DA:168,0
DA:169,0
DA:171,0
DA:172,0
DA:173,0
DA:174,0
DA:175,0
DA:176,0
DA:184,0
DA:186,0
DA:187,0
DA:189,0
DA:190,0
DA:191,0
DA:192,0
DA:196,0
DA:197,0
DA:200,0
DA:201,0
DA:202,0
DA:204,0
DA:205,0
DA:206,0
DA:208,0
DA:212,0
DA:213,0
DA:214,0
DA:215,0
DA:216,0
DA:220,0
DA:223,0
DA:224,0
DA:225,0
DA:226,0
DA:228,0
DA:229,0
DA:231,0
DA:233,0
DA:234,0
DA:238,0
DA:239,0
DA:241,0
DA:242,0
DA:243,0
DA:244,0
DA:245,0
DA:247,0
DA:250,0
DA:253,0
DA:257,0
DA:258,0
DA:259,0
DA:260,0
DA:261,0
DA:262,0
DA:263,0
DA:264,0
DA:265,0
DA:266,0
DA:267,0
DA:270,0
DA:271,0
DA:273,0
DA:274,0
DA:281,0
DA:282,0
DA:283,0
DA:284,0
DA:288,0
DA:292,0
DA:294,0
DA:295,0
DA:296,0
DA:298,0
LF:166
LH:0
end_of_record
SF:lib\src\localization\widget\localization_wrapper.dart
DA:9,0
DA:17,0
DA:19,0
DA:20,0
DA:21,0
DA:22,0
DA:23,0
DA:24,0
DA:25,0
LF:9
LH:0
end_of_record
SF:lib\src\navigation\animations\animated_route.dart
DA:5,0
DA:9,0
DA:15,0
DA:21,0
LF:4
LH:0
end_of_record
SF:lib\src\navigation\core_navigator.dart
DA:9,0
DA:14,0
DA:16,0
DA:24,0
DA:28,0
DA:30,0
DA:32,0
DA:34,0
DA:40,0
DA:42,0
DA:43,0
DA:46,0
DA:50,0
DA:51,0
DA:52,0
DA:57,0
DA:58,0
DA:60,0
DA:61,0
DA:68,0
DA:74,0
DA:75,0
DA:77,0
DA:78,0
DA:80,0
DA:82,0
DA:87,0
DA:93,0
DA:94,0
DA:95,0
DA:97,0
DA:102,0
DA:108,0
DA:110,0
DA:111,0
DA:112,0
DA:115,0
DA:124,0
DA:130,0
DA:131,0
DA:132,0
DA:134,0
DA:142,0
DA:144,0
DA:145,0
DA:147,0
DA:149,0
DA:158,0
DA:159,0
DA:160,0
DA:161,0
DA:163,0
DA:164,0
DA:168,0
DA:169,0
DA:170,0
DA:171,0
DA:172,0
DA:173,0
DA:175,0
DA:176,0
DA:177,0
DA:178,0
DA:179,0
DA:184,0
DA:185,0
DA:186,0
DA:187,0
DA:193,0
DA:196,0
DA:198,0
DA:199,0
DA:204,0
DA:209,0
DA:210,0
DA:212,0
DA:213,0
LF:77
LH:0
end_of_record
SF:lib\src\navigation\screen_params\base_screen_params.dart
DA:7,0
DA:9,0
DA:11,0
DA:13,0
DA:15,0
DA:16,0
LF:6
LH:0
end_of_record
SF:lib\src\navigation\screen_params\no_screen_params.dart
DA:4,0
LF:1
LH:0
end_of_record
SF:lib\src\network_status\widget\network_status_wrapper.dart
DA:12,0
DA:25,0
DA:27,0
DA:28,0
DA:29,0
DA:30,0
DA:31,0
DA:32,0
DA:33,0
DA:35,0
DA:37,0
DA:39,0
DA:41,0
DA:45,0
LF:14
LH:0
end_of_record
SF:lib\src\state_management\api_state.dart
DA:10,6
DA:22,0
DA:23,0
DA:24,0
DA:25,0
DA:26,0
DA:27,0
DA:28,0
DA:30,0
DA:31,0
DA:32,0
LF:11
LH:1
end_of_record
SF:lib\src\state_management\api_state_builder.dart
DA:16,0
DA:37,0
DA:39,0
DA:40,0
DA:41,0
DA:42,0
DA:44,0
DA:45,0
DA:46,0
DA:48,0
DA:51,0
DA:53,0
DA:54,0
DA:57,0
DA:58,0
DA:59,0
DA:60,0
DA:61,0
DA:62,0
DA:63,0
DA:73,0
DA:80,0
DA:82,0
LF:23
LH:0
end_of_record
SF:lib\src\state_management\api_state_mixin.dart
DA:32,0
DA:33,0
DA:70,0
DA:77,0
DA:80,0
DA:83,0
DA:86,0
DA:87,0
DA:91,0
DA:92,0
DA:93,0
DA:95,0
DA:96,0
DA:97,0
DA:98,0
DA:100,0
DA:110,0
DA:112,0
DA:114,0
DA:116,0
LF:20
LH:0
end_of_record
SF:lib\src\state_management\core_bloc.dart
DA:15,0
DA:17,0
DA:19,0
DA:20,0
LF:4
LH:0
end_of_record
SF:lib\src\state_management\core_cubit.dart
DA:15,0
DA:17,0
DA:19,0
DA:20,0
LF:4
LH:0
end_of_record
SF:lib\src\theme\font_weight_manager.dart
DA:4,0
LF:1
LH:0
end_of_record
SF:lib\src\theme\widget\theme_wrapper.dart
DA:10,0
DA:16,0
DA:18,0
DA:19,0
DA:20,0
DA:21,0
DA:22,0
DA:23,0
DA:24,0
DA:25,0
DA:26,0
LF:11
LH:0
end_of_record
SF:lib\src\ui\constants\padding_manager.dart
DA:20,0
DA:21,0
LF:2
LH:0
end_of_record
SF:lib\src\ui\forms\widget\core_pin_code_field.dart
DA:16,0
DA:273,0
DA:274,0
DA:282,0
DA:284,0
DA:285,0
DA:286,0
DA:287,0
DA:290,0
DA:292,0
DA:293,0
DA:295,0
DA:296,0
DA:298,0
DA:301,0
DA:303,0
DA:304,0
DA:305,0
DA:306,0
DA:307,0
DA:308,0
DA:309,0
DA:312,0
DA:313,0
DA:316,0
DA:319,0
DA:320,0
DA:321,0
DA:324,0
DA:325,0
DA:326,0
DA:327,0
DA:329,0
DA:333,0
DA:334,0
DA:335,0
DA:336,0
DA:337,0
DA:338,0
DA:339,0
DA:340,0
DA:341,0
DA:342,0
DA:343,0
DA:344,0
DA:345,0
DA:346,0
DA:347,0
DA:349,0
DA:351,0
DA:353,0
DA:354,0
DA:355,0
DA:357,0
DA:358,0
DA:359,0
DA:360,0
DA:361,0
DA:363,0
DA:364,0
DA:365,0
DA:367,0
DA:368,0
DA:369,0
DA:370,0
DA:373,0
DA:374,0
DA:375,0
DA:376,0
DA:377,0
DA:378,0
DA:379,0
DA:380,0
DA:381,0
DA:382,0
DA:383,0
DA:384,0
DA:385,0
DA:386,0
DA:387,0
DA:388,0
DA:389,0
DA:390,0
DA:391,0
DA:392,0
DA:393,0
DA:394,0
DA:395,0
DA:396,0
DA:397,0
DA:398,0
DA:399,0
DA:400,0
DA:401,0
DA:402,0
LF:95
LH:0
end_of_record
SF:lib\src\ui\forms\widget\field_wrapper.dart
DA:41,3
DA:86,3
DA:87,3
DA:94,3
DA:96,3
DA:97,9
DA:100,3
DA:101,9
DA:102,6
DA:107,3
DA:109,6
DA:110,3
DA:113,3
DA:114,6
DA:115,3
DA:119,7
DA:122,6
DA:123,6
DA:124,15
DA:125,3
DA:128,3
DA:132,3
DA:133,6
DA:134,9
DA:137,9
DA:138,6
DA:140,3
DA:144,3
DA:146,3
DA:147,3
DA:148,12
DA:149,3
DA:150,12
DA:153,3
DA:155,9
DA:160,3
LF:36
LH:36
end_of_record
SF:lib\src\ui\forms\widget\core_textfield.dart
DA:80,4
DA:156,2
DA:403,2
DA:404,2
DA:413,2
DA:415,2
DA:416,6
DA:419,8
DA:420,5
DA:421,4
DA:423,4
DA:426,8
DA:429,1
DA:430,5
DA:433,1
DA:434,4
DA:435,1
DA:438,1
DA:439,2
DA:440,3
DA:441,1
DA:444,2
DA:447,4
DA:448,4
DA:451,4
DA:452,2
DA:455,2
DA:457,2
DA:458,4
DA:459,4
DA:460,4
DA:461,4
DA:462,2
DA:464,2
DA:467,6
DA:468,4
DA:469,6
DA:471,4
DA:476,6
DA:478,2
DA:479,3
DA:481,2
DA:485,1
DA:487,1
DA:488,3
DA:490,2
DA:491,1
DA:493,1
DA:495,2
DA:496,3
DA:505,6
DA:506,4
DA:507,1
DA:508,2
DA:509,4
DA:510,1
DA:511,2
DA:512,8
DA:514,4
DA:515,4
DA:516,4
DA:517,4
DA:518,4
DA:519,3
DA:523,2
DA:524,2
DA:525,2
DA:526,4
DA:528,4
DA:530,1
DA:531,1
DA:532,3
DA:535,4
DA:536,4
DA:537,4
DA:538,4
DA:539,4
DA:540,4
DA:541,4
DA:542,4
DA:543,4
DA:544,4
DA:545,2
DA:546,4
DA:547,4
DA:548,4
DA:549,4
DA:550,4
DA:551,4
DA:552,4
DA:553,4
DA:554,4
DA:555,4
DA:556,4
DA:557,4
DA:558,4
DA:559,4
DA:560,4
DA:561,4
DA:562,4
DA:563,4
DA:564,4
DA:565,4
DA:566,4
DA:567,4
DA:568,4
DA:569,4
DA:570,4
DA:571,4
DA:572,4
DA:573,4
DA:574,4
DA:575,4
DA:576,4
DA:577,4
DA:578,4
DA:579,4
DA:580,4
DA:586,1
DA:587,1
DA:588,2
DA:589,1
DA:590,2
DA:591,2
DA:596,2
DA:598,4
DA:599,3
DA:601,1
DA:602,1
DA:603,1
DA:609,6
DA:610,4
DA:612,4
DA:615,2
DA:616,2
DA:617,4
DA:618,6
DA:621,4
DA:622,6
DA:627,2
DA:628,4
DA:629,2
DA:630,2
DA:636,2
DA:637,2
DA:639,5
DA:640,2
DA:643,4
DA:644,3
DA:649,2
DA:650,2
DA:651,1
DA:652,1
LF:153
LH:153
end_of_record
SF:lib\src\ui\pagination\core_pagination_cubit.dart
DA:22,0
DA:36,0
DA:37,0
DA:38,0
DA:56,0
DA:62,0
DA:64,0
DA:66,0
DA:73,0
DA:75,0
DA:77,0
DA:81,0
DA:87,0
DA:88,0
DA:89,0
DA:90,0
DA:93,0
DA:94,0
DA:95,0
DA:96,0
DA:97,0
DA:106,0
DA:107,0
DA:108,0
DA:110,0
DA:111,0
DA:115,0
DA:122,0
DA:127,0
DA:129,0
DA:130,0
DA:133,0
DA:134,0
DA:135,0
DA:136,0
DA:143,0
DA:150,0
DA:151,0
DA:153,0
DA:155,0
DA:156,0
DA:163,0
DA:164,0
DA:165,0
DA:168,0
DA:170,0
DA:171,0
DA:174,0
DA:181,0
DA:185,0
DA:186,0
DA:187,0
DA:188,0
DA:189,0
DA:190,0
DA:191,0
DA:192,0
DA:195,0
DA:202,0
DA:203,0
DA:204,0
DA:205,0
DA:206,0
DA:207,0
DA:208,0
DA:209,0
DA:212,0
DA:219,0
DA:220,0
DA:221,0
DA:222,0
DA:223,0
DA:225,0
DA:226,0
DA:227,0
DA:228,0
DA:229,0
DA:230,0
DA:231,0
DA:232,0
DA:240,0
DA:241,0
DA:242,0
DA:243,0
DA:244,0
DA:245,0
DA:246,0
DA:247,0
DA:250,0
DA:257,0
DA:258,0
DA:259,0
DA:260,0
DA:261,0
DA:262,0
DA:263,0
DA:264,0
DA:267,0
DA:274,0
DA:275,0
DA:276,0
DA:277,0
DA:278,0
DA:280,0
DA:281,0
DA:282,0
DA:284,0
DA:285,0
DA:288,0
DA:289,0
DA:290,0
DA:293,0
DA:300,0
DA:301,0
DA:302,0
DA:303,0
DA:304,0
DA:305,0
DA:306,0
DA:307,0
DA:310,0
DA:317,0
DA:318,0
DA:319,0
DA:321,0
DA:322,0
DA:332,0
DA:333,0
DA:334,0
DA:335,0
DA:336,0
DA:343,0
DA:344,0
DA:345,0
DA:346,0
DA:347,0
DA:348,0
LF:137
LH:0
end_of_record
SF:lib\src\ui\pagination\core_pagination_state.dart
DA:6,0
DA:28,0
DA:29,0
DA:31,0
DA:35,0
DA:36,0
DA:41,0
LF:7
LH:0
end_of_record
SF:lib\src\ui\pagination\core_pagination_widget.dart
DA:22,0
DA:42,0
DA:146,0
DA:150,0
DA:151,0
DA:155,0
DA:157,0
DA:175,0
DA:195,0
DA:199,0
DA:269,0
DA:271,0
DA:278,0
DA:280,0
DA:281,0
DA:282,0
DA:284,0
DA:285,0
DA:286,0
DA:290,0
DA:291,0
DA:292,0
DA:293,0
DA:296,0
DA:299,0
DA:301,0
DA:303,0
DA:304,0
DA:305,0
DA:309,0
DA:311,0
DA:312,0
DA:315,0
DA:317,0
DA:318,0
DA:319,0
DA:320,0
DA:321,0
DA:322,0
DA:323,0
DA:324,0
DA:325,0
DA:326,0
DA:327,0
DA:328,0
DA:329,0
DA:330,0
DA:331,0
DA:332,0
DA:333,0
DA:334,0
DA:335,0
DA:336,0
DA:337,0
DA:338,0
DA:348,0
DA:350,0
DA:352,0
DA:353,0
DA:354,0
DA:355,0
DA:356,0
DA:357,0
DA:358,0
DA:360,0
DA:368,0
DA:372,0
DA:374,0
DA:375,0
DA:377,0
DA:378,0
DA:379,0
DA:380,0
DA:381,0
DA:382,0
DA:383,0
DA:384,0
DA:385,0
DA:386,0
DA:387,0
DA:391,0
DA:392,0
DA:394,0
DA:395,0
DA:396,0
DA:397,0
DA:398,0
DA:399,0
DA:401,0
DA:402,0
DA:411,0
DA:416,0
DA:417,0
DA:418,0
DA:420,0
DA:421,0
DA:422,0
DA:423,0
DA:424,0
DA:426,0
DA:429,0
DA:432,0
DA:438,0
DA:440,0
DA:441,0
DA:445,0
DA:449,0
DA:450,0
DA:453,0
DA:454,0
DA:462,0
DA:466,0
DA:468,0
DA:469,0
DA:470,0
DA:471,0
DA:473,0
DA:474,0
DA:475,0
DA:476,0
DA:480,0
DA:481,0
DA:482,0
DA:483,0
DA:484,0
DA:485,0
DA:488,0
DA:491,0
DA:494,0
DA:499,3
DA:501,0
LF:131
LH:1
end_of_record
SF:lib\src\ui\pagination\pagination_strategy.dart
DA:2,0
DA:10,0
DA:11,0
DA:16,0
DA:20,0
DA:21,0
DA:23,0
DA:25,0
DA:28,0
DA:30,0
DA:33,0
DA:35,0
DA:38,0
DA:40,0
DA:43,0
DA:45,0
DA:48,0
DA:49,0
DA:53,0
DA:57,0
DA:58,0
DA:60,0
DA:62,0
DA:65,0
DA:67,0
DA:70,0
DA:72,0
DA:75,0
DA:77,0
DA:80,0
DA:82,0
DA:85,0
DA:86,0
LF:33
LH:0
end_of_record
SF:lib\src\ui\responsive\responsive_functions.dart
DA:21,0
DA:30,0
DA:33,0
DA:34,0
DA:42,0
DA:43,0
DA:50,0
DA:51,0
DA:58,0
DA:59,0
DA:66,0
DA:67,0
DA:80,0
LF:13
LH:0
end_of_record
SF:lib\src\ui\search\core_search_state.dart
DA:7,0
DA:8,0
LF:2
LH:0
end_of_record
SF:lib\src\ui\search\core_search_cubit.dart
DA:11,0
DA:15,0
DA:17,0
DA:18,0
DA:26,0
DA:27,0
DA:28,0
DA:32,0
DA:33,0
DA:35,0
DA:36,0
DA:40,0
DA:41,0
DA:42,0
DA:45,0
DA:47,0
DA:48,0
DA:49,0
DA:52,0
DA:53,0
DA:55,0
DA:59,0
LF:22
LH:0
end_of_record
SF:lib\src\ui\search\core_search_widget.dart
DA:36,0
DA:178,0
DA:181,0
DA:182,0
DA:183,0
DA:184,0
DA:185,0
DA:186,0
DA:187,0
DA:188,0
DA:189,0
DA:190,0
DA:191,0
DA:192,0
DA:193,0
DA:194,0
DA:195,0
DA:196,0
DA:197,0
DA:198,0
DA:199,0
DA:200,0
DA:201,0
DA:202,0
DA:203,0
DA:204,0
DA:205,0
DA:206,0
DA:207,0
DA:208,0
DA:209,0
DA:211,0
DA:212,0
DA:214,0
DA:216,0
DA:218,0
DA:219,0
DA:220,0
DA:232,0
DA:233,0
DA:234,0
DA:236,0
DA:237,0
DA:240,0
DA:241,0
DA:243,0
DA:244,0
DA:246,0
DA:247,0
DA:248,0
DA:249,0
DA:250,0
DA:255,0
DA:256,0
DA:257,0
DA:258,0
DA:260,0
DA:261,0
DA:262,0
DA:264,0
LF:60
LH:0
end_of_record
SF:lib\src\ui\value_selector\multi_selector_cubit.dart
DA:15,0
DA:28,0
DA:30,0
DA:31,0
DA:32,0
DA:33,0
DA:36,0
DA:38,0
DA:39,0
LF:9
LH:0
end_of_record
SF:lib\src\ui\value_selector\value_selector_cubit.dart
DA:17,0
DA:22,0
DA:42,0
DA:45,0
DA:55,0
DA:59,0
DA:60,0
DA:61,0
DA:63,0
DA:64,0
LF:10
LH:0
end_of_record
SF:lib\src\ui\value_selector\value_selector_state.dart
DA:4,0
DA:7,0
DA:8,0
LF:3
LH:0
end_of_record
SF:lib\src\ui\value_selector\single_selector_cubit.dart
DA:15,0
DA:28,0
DA:30,0
DA:31,0
DA:32,0
DA:33,0
DA:37,0
DA:38,0
DA:40,0
DA:41,0
LF:10
LH:0
end_of_record
SF:lib\src\ui\widgets\core_carousel.dart
DA:66,0
DA:85,0
DA:88,0
DA:92,0
DA:93,0
DA:97,0
DA:120,0
DA:143,0
DA:147,0
DA:148,0
DA:152,0
DA:176,0
DA:200,0
DA:204,0
DA:205,0
DA:209,0
DA:282,0
DA:283,0
DA:284,0
DA:285,0
DA:286,0
DA:287,0
DA:288,0
DA:292,0
DA:296,0
DA:297,0
DA:298,0
DA:299,0
DA:300,0
DA:301,0
DA:302,0
DA:303,0
DA:304,0
DA:305,0
DA:306,0
DA:307,0
DA:308,0
DA:309,0
DA:312,0
DA:314,0
DA:322,0
DA:323,0
DA:326,0
DA:327,0
DA:329,0
DA:330,0
DA:331,0
DA:334,0
DA:335,0
LF:49
LH:0
end_of_record
SF:lib\src\ui\widgets\core_default_error_widget.dart
DA:5,0
DA:12,0
DA:14,0
DA:15,0
DA:17,0
DA:19,0
DA:20,0
DA:22,0
LF:8
LH:0
end_of_record
SF:lib\src\ui\widgets\core_image.dart
DA:37,0
DA:48,0
DA:50,0
DA:61,0
DA:113,0
DA:152,0
DA:197,0
DA:208,0
DA:258,0
DA:260,0
DA:261,0
DA:262,0
DA:263,0
DA:264,0
DA:265,0
DA:270,0
DA:271,0
DA:272,0
DA:273,0
DA:274,0
DA:275,0
DA:276,0
DA:277,0
DA:278,0
DA:279,0
DA:280,0
DA:281,0
DA:282,0
DA:283,0
DA:284,0
DA:286,0
DA:287,0
DA:288,0
DA:289,0
DA:290,0
DA:291,0
DA:293,0
DA:294,0
DA:295,0
DA:296,0
DA:302,0
DA:303,0
DA:304,0
DA:305,0
DA:306,0
DA:307,0
DA:308,0
DA:309,0
DA:310,0
DA:311,0
DA:312,0
DA:313,0
DA:317,0
DA:318,0
DA:319,0
DA:320,0
DA:321,0
DA:322,0
DA:323,0
DA:324,0
DA:325,0
DA:326,0
DA:327,0
DA:331,0
DA:332,0
DA:334,0
DA:335,0
DA:336,0
DA:337,0
DA:338,0
DA:339,0
DA:340,0
DA:341,0
DA:342,0
DA:343,0
DA:344,0
DA:348,0
DA:349,0
DA:350,0
DA:351,0
DA:352,0
DA:353,0
DA:354,0
DA:356,0
DA:357,0
DA:361,0
DA:364,0
DA:365,0
DA:366,0
DA:370,0
DA:373,0
DA:376,0
DA:379,0
DA:380,0
DA:381,0
DA:385,0
DA:386,0
DA:388,0
DA:389,0
DA:391,0
DA:392,0
DA:393,0
DA:394,0
DA:395,0
DA:397,0
DA:399,0
DA:404,0
DA:405,0
DA:406,0
DA:407,0
DA:409,0
DA:410,0
DA:416,0
DA:417,0
DA:418,0
DA:419,0
DA:420,0
DA:421,0
DA:422,0
DA:423,0
DA:425,0
DA:426,0
DA:427,0
DA:429,0
DA:430,0
DA:437,0
DA:439,0
DA:440,0
DA:443,0
DA:444,0
DA:447,0
DA:448,0
DA:449,0
LF:133
LH:0
end_of_record
SF:lib\src\ui\widgets\core_listview_carousel.dart
DA:40,0
DA:54,0
DA:70,0
DA:83,0
DA:84,0
DA:88,0
DA:90,0
DA:91,0
DA:92,0
DA:93,0
DA:94,0
DA:95,0
DA:97,0
DA:98,0
DA:99,0
DA:101,0
DA:102,0
DA:104,0
DA:108,0
DA:110,0
DA:111,0
DA:112,0
DA:113,0
DA:115,0
DA:116,0
DA:117,0
DA:120,0
DA:123,0
DA:125,0
DA:130,0
DA:131,0
DA:132,0
DA:133,0
DA:135,0
DA:137,0
DA:150,0
DA:157,0
DA:158,0
DA:162,0
DA:167,0
DA:168,0
DA:172,0
DA:178,0
DA:179,0
DA:180,0
DA:181,0
DA:190,0
DA:196,0
DA:197,0
DA:198,0
DA:199,0
LF:51
LH:0
end_of_record
SF:lib\src\ui\widgets\core_read_more_text.dart
DA:42,0
DA:139,0
DA:140,0
DA:144,0
DA:145,0
DA:147,0
DA:149,0
DA:151,0
DA:152,0
DA:153,0
DA:154,0
DA:155,0
DA:156,0
DA:157,0
DA:158,0
DA:159,0
DA:160,0
DA:161,0
DA:162,0
DA:163,0
DA:164,0
DA:165,0
DA:166,0
DA:167,0
DA:168,0
DA:169,0
DA:170,0
DA:171,0
DA:172,0
DA:173,0
DA:174,0
DA:176,0
LF:32
LH:0
end_of_record
SF:lib\src\ui\widgets\core_scrollable_content_with_fab.dart
DA:7,0
DA:27,0
DA:29,0
DA:40,0
DA:42,0
DA:45,0
DA:46,0
DA:53,0
DA:55,0
DA:56,0
DA:57,0
DA:58,0
DA:62,0
DA:64,0
DA:65,0
DA:66,0
DA:69,0
DA:70,0
DA:72,0
DA:73,0
DA:77,0
DA:79,0
DA:80,0
DA:82,0
DA:84,0
DA:85,0
DA:86,0
DA:88,0
DA:91,0
DA:92,0
LF:30
LH:0
end_of_record
SF:lib\src\use_cases\future_either_use_case.dart
DA:5,0
LF:1
LH:0
end_of_record
SF:lib\src\use_cases\usecase.dart
DA:2,0
LF:1
LH:0
end_of_record
SF:lib\src\use_cases\stream_either_use_case.dart
DA:5,0
LF:1
LH:0
end_of_record
SF:lib\src\use_cases\unawaited_use_case.dart
DA:4,0
LF:1
LH:0
end_of_record
SF:lib\src\utils\value_tester.dart
DA:3,0
DA:7,1
DA:9,3
DA:10,0
DA:15,3
DA:17,6
DA:18,0
DA:24,0
DA:26,0
DA:27,0
DA:29,0
DA:30,0
DA:34,0
DA:35,0
DA:37,0
DA:38,0
DA:40,0
DA:41,0
DA:43,0
DA:44,0
DA:46,0
DA:47,0
DA:48,0
DA:51,0
DA:53,0
DA:54,0
LF:26
LH:4
end_of_record
